This is e-upTeX, Version 3.14159265-p3.6-u1.20-141210-2.6 (utf8.uptex) (TeX Live 2015) (preloaded format=uplatex 2015.6.13)  26 OCT 2015 20:42
entering extended mode
 restricted \write18 enabled.
 %&-line parsing enabled.
**Steam.tex
(./Steam.tex
pLaTeX2e <2011/05/07u00>+0 (based on LaTeX2e <2015/01/01> patch level 0)
Babel <3.9l> and hyphenation patterns for 79 languages loaded.
! Undefined control sequence.
l.1 \section
            {湯気のモデリング}
The control sequence at the end of the top line
of your error message was never \def'ed. If you have
misspelled it (e.g., `\hobx'), type `I' and the correct
spelling (e.g., `I\hbox'). Otherwise just continue,
and I'll forget about whatever was undefined.


! LaTeX Error: Missing \begin{document}.

See the LaTeX manual or LaTeX Companion for explanation.
Type  H <return>  for immediate help.
 ...                                              
                                                  
l.1 \section{湯
                気のモデリング}
You're in trouble here.  Try typing  <return>  to proceed.
If that doesn't work, type  X <return>  to quit.

\citation{Miyazaki2002}
LaTeX Font Info:    Font shape `JT2/mc/m/n' will be
(Font)              scaled to size 9.6222pt on input line 2.
LaTeX Font Info:    Font shape `JY2/mc/m/n' will be
(Font)              scaled to size 9.6222pt on input line 2.
LaTeX Font Info:    Font shape `JT2/mc/bx/n' in size <10> not available
(Font)              Font shape `JT2/gt/m/n' tried instead on input line 2.
LaTeX Font Info:    Font shape `JT2/gt/m/n' will be
(Font)              scaled to size 9.6222pt on input line 2.
LaTeX Font Info:    Font shape `JY2/mc/bx/n' in size <10> not available
(Font)              Font shape `JY2/gt/m/n' tried instead on input line 2.
LaTeX Font Info:    Font shape `JY2/gt/m/n' will be
(Font)              scaled to size 9.6222pt on input line 2.
! Undefined control sequence.
<write> ...: Citation `\@citeb ' on page \thepage 
                                                  \space undefined\on@line .^^J
l.2 ...検討するにあたり\cite{Miyazaki2002}
                                                  \cite{Dobashi2008}にあ...
The control sequence at the end of the top line
of your error message was never \def'ed. If you have
misspelled it (e.g., `\hobx'), type `I' and the correct
spelling (e.g., `I\hbox'). Otherwise just continue,
and I'll forget about whatever was undefined.


LaTeX Warning: Citation `Miyazaki2002' on page  undefined on input line 2.

\citation{Dobashi2008}
! Undefined control sequence.
<write> ...: Citation `\@citeb ' on page \thepage 
                                                  \space undefined\on@line .^^J
l.2 ...たり\cite{Miyazaki2002}\cite{Dobashi2008}
                                                  にある雲のシミュ...
The control sequence at the end of the top line
of your error message was never \def'ed. If you have
misspelled it (e.g., `\hobx'), type `I' and the correct
spelling (e.g., `I\hbox'). Otherwise just continue,
and I'll forget about whatever was undefined.


LaTeX Warning: Citation `Dobashi2008' on page  undefined on input line 2.


Overfull \hbox (20.0pt too wide) in paragraph at lines 1--4
[]
 []


Overfull \hbox (9.6222pt too wide) in paragraph at lines 1--4
\JY2/mc/m/n/10 湯
 []


Overfull \hbox (9.6222pt too wide) in paragraph at lines 1--4
\JY2/mc/m/n/10 気
 []


Overfull \hbox (9.6222pt too wide) in paragraph at lines 1--4
\JY2/mc/m/n/10 の
 []


Overfull \hbox (9.6222pt too wide) in paragraph at lines 1--4
\JY2/mc/m/n/10 モ
 []


Overfull \hbox (9.6222pt too wide) in paragraph at lines 1--4
\JY2/mc/m/n/10 デ
 []


Overfull \hbox (9.6222pt too wide) in paragraph at lines 1--4
\JY2/mc/m/n/10 リ
 []


Overfull \hbox (9.6222pt too wide) in paragraph at lines 1--4
\JY2/mc/m/n/10 ン
 []


Overfull \hbox (9.6222pt too wide) in paragraph at lines 1--4
\JY2/mc/m/n/10 グ
 []


Overfull \hbox (9.6222pt too wide) in paragraph at lines 1--4
\JY2/mc/m/n/10 湯
 []


Overfull \hbox (9.6222pt too wide) in paragraph at lines 1--4
\JY2/mc/m/n/10 気
 []


Overfull \hbox (9.6222pt too wide) in paragraph at lines 1--4
\JY2/mc/m/n/10 の
 []


Overfull \hbox (9.6222pt too wide) in paragraph at lines 1--4
\JY2/mc/m/n/10 物
 []


Overfull \hbox (9.6222pt too wide) in paragraph at lines 1--4
\JY2/mc/m/n/10 理
 []


Overfull \hbox (9.6222pt too wide) in paragraph at lines 1--4
\JY2/mc/m/n/10 モ
 []


Overfull \hbox (9.6222pt too wide) in paragraph at lines 1--4
\JY2/mc/m/n/10 デ
 []


Overfull \hbox (9.6222pt too wide) in paragraph at lines 1--4
\JY2/mc/m/n/10 ル
 []


Overfull \hbox (9.6222pt too wide) in paragraph at lines 1--4
\JY2/mc/m/n/10 を
 []


Overfull \hbox (9.6222pt too wide) in paragraph at lines 1--4
\JY2/mc/m/n/10 検
 []


Overfull \hbox (9.6222pt too wide) in paragraph at lines 1--4
\JY2/mc/m/n/10 討
 []


Overfull \hbox (9.6222pt too wide) in paragraph at lines 1--4
\JY2/mc/m/n/10 す
 []


Overfull \hbox (9.6222pt too wide) in paragraph at lines 1--4
\JY2/mc/m/n/10 る
 []


Overfull \hbox (9.6222pt too wide) in paragraph at lines 1--4
\JY2/mc/m/n/10 に
 []


Overfull \hbox (9.6222pt too wide) in paragraph at lines 1--4
\JY2/mc/m/n/10 あ
 []


Overfull \hbox (9.6222pt too wide) in paragraph at lines 1--4
\JY2/mc/m/n/10 た
 []


Overfull \hbox (9.6222pt too wide) in paragraph at lines 1--4
\JY2/mc/m/n/10 り
 []


Overfull \hbox (21.9722pt too wide) in paragraph at lines 1--4
\OT1/cmr/m/n/10 [[]][[]]
 []


Overfull \hbox (9.6222pt too wide) in paragraph at lines 1--4
\JY2/mc/m/n/10 に
 []


Overfull \hbox (9.6222pt too wide) in paragraph at lines 1--4
\JY2/mc/m/n/10 あ
 []


Overfull \hbox (9.6222pt too wide) in paragraph at lines 1--4
\JY2/mc/m/n/10 る
 []


Overfull \hbox (9.6222pt too wide) in paragraph at lines 1--4
\JY2/mc/m/n/10 雲
 []


Overfull \hbox (9.6222pt too wide) in paragraph at lines 1--4
\JY2/mc/m/n/10 の
 []


Overfull \hbox (9.6222pt too wide) in paragraph at lines 1--4
\JY2/mc/m/n/10 シ
 []


Overfull \hbox (9.6222pt too wide) in paragraph at lines 1--4
\JY2/mc/m/n/10 ミ
 []


Overfull \hbox (9.6222pt too wide) in paragraph at lines 1--4
\JY2/mc/m/n/10 ュ
 []


Overfull \hbox (18.74438pt too wide) in paragraph at lines 1--4
\JY2/mc/m/n/10 レ ー
 []


Overfull \hbox (9.6222pt too wide) in paragraph at lines 1--4
\JY2/mc/m/n/10 シ
 []


Overfull \hbox (9.6222pt too wide) in paragraph at lines 1--4
\JY2/mc/m/n/10 ョ
 []


Overfull \hbox (9.6222pt too wide) in paragraph at lines 1--4
\JY2/mc/m/n/10 ン
 []


Overfull \hbox (9.6222pt too wide) in paragraph at lines 1--4
\JY2/mc/m/n/10 で
 []


Overfull \hbox (9.6222pt too wide) in paragraph at lines 1--4
\JY2/mc/m/n/10 用
 []


Overfull \hbox (9.6222pt too wide) in paragraph at lines 1--4
\JY2/mc/m/n/10 い
 []


Overfull \hbox (9.6222pt too wide) in paragraph at lines 1--4
\JY2/mc/m/n/10 ら
 []


Overfull \hbox (9.6222pt too wide) in paragraph at lines 1--4
\JY2/mc/m/n/10 れ
 []


Overfull \hbox (9.6222pt too wide) in paragraph at lines 1--4
\JY2/mc/m/n/10 る
 []


Overfull \hbox (9.6222pt too wide) in paragraph at lines 1--4
\JY2/mc/m/n/10 モ
 []


Overfull \hbox (9.6222pt too wide) in paragraph at lines 1--4
\JY2/mc/m/n/10 デ
 []


Overfull \hbox (9.6222pt too wide) in paragraph at lines 1--4
\JY2/mc/m/n/10 ル
 []


Overfull \hbox (9.6222pt too wide) in paragraph at lines 1--4
\JY2/mc/m/n/10 を
 []


Overfull \hbox (9.6222pt too wide) in paragraph at lines 1--4
\JY2/mc/m/n/10 参
 []


Overfull \hbox (9.6222pt too wide) in paragraph at lines 1--4
\JY2/mc/m/n/10 考
 []


Overfull \hbox (9.6222pt too wide) in paragraph at lines 1--4
\JY2/mc/m/n/10 と
 []


Overfull \hbox (9.6222pt too wide) in paragraph at lines 1--4
\JY2/mc/m/n/10 す
 []


Overfull \hbox (13.93329pt too wide) in paragraph at lines 1--4
\JY2/mc/m/n/10 る 。
 []


Overfull \hbox (9.6222pt too wide) in paragraph at lines 1--4
\JY2/mc/m/n/10 湯
 []


Overfull \hbox (9.6222pt too wide) in paragraph at lines 1--4
\JY2/mc/m/n/10 気
 []


Overfull \hbox (9.6222pt too wide) in paragraph at lines 1--4
\JY2/mc/m/n/10 の
 []


Overfull \hbox (9.6222pt too wide) in paragraph at lines 1--4
\JY2/mc/m/n/10 物
 []


Overfull \hbox (9.6222pt too wide) in paragraph at lines 1--4
\JY2/mc/m/n/10 理
 []


Overfull \hbox (9.6222pt too wide) in paragraph at lines 1--4
\JY2/mc/m/n/10 モ
 []


Overfull \hbox (9.6222pt too wide) in paragraph at lines 1--4
\JY2/mc/m/n/10 デ
 []


Overfull \hbox (9.6222pt too wide) in paragraph at lines 1--4
\JY2/mc/m/n/10 ル
 []


Overfull \hbox (9.6222pt too wide) in paragraph at lines 1--4
\JY2/mc/m/n/10 を
 []


Overfull \hbox (9.6222pt too wide) in paragraph at lines 1--4
\JY2/mc/m/n/10 以
 []


Overfull \hbox (9.6222pt too wide) in paragraph at lines 1--4
\JY2/mc/m/n/10 下
 []


Overfull \hbox (9.6222pt too wide) in paragraph at lines 1--4
\JY2/mc/m/n/10 の
 []


Overfull \hbox (9.6222pt too wide) in paragraph at lines 1--4
\JY2/mc/m/n/10 よ
 []


Overfull \hbox (9.6222pt too wide) in paragraph at lines 1--4
\JY2/mc/m/n/10 う
 []


Overfull \hbox (9.6222pt too wide) in paragraph at lines 1--4
\JY2/mc/m/n/10 に
 []


Overfull \hbox (9.6222pt too wide) in paragraph at lines 1--4
\JY2/mc/m/n/10 定
 []


Overfull \hbox (9.6222pt too wide) in paragraph at lines 1--4
\JY2/mc/m/n/10 義
 []


Overfull \hbox (9.6222pt too wide) in paragraph at lines 1--4
\JY2/mc/m/n/10 す
 []


Overfull \hbox (13.93329pt too wide) in paragraph at lines 1--4
\JY2/mc/m/n/10 る 。 
 []


! LaTeX Error: Missing \begin{document}.

See the LaTeX manual or LaTeX Companion for explanation.
Type  H <return>  for immediate help.
 ...                                              
                                                  
l.5 浮
       力は式\ref{buoyancy}で定義する。
You're in trouble here.  Try typing  <return>  to proceed.
If that doesn't work, type  X <return>  to quit.

! Undefined control sequence.
<write> ... Reference `buoyancy' on page \thepage 
                                                  \space undefined\on@line .^^J
l.5 浮力は式\ref{buoyancy}
                              で定義する。
The control sequence at the end of the top line
of your error message was never \def'ed. If you have
misspelled it (e.g., `\hobx'), type `I' and the correct
spelling (e.g., `I\hbox'). Otherwise just continue,
and I'll forget about whatever was undefined.


LaTeX Warning: Reference `buoyancy' on page  undefined on input line 5.


Overfull \hbox (20.0pt too wide) in paragraph at lines 5--6
[]
 []


Overfull \hbox (9.6222pt too wide) in paragraph at lines 5--6
\JY2/mc/m/n/10 浮
 []


Overfull \hbox (9.6222pt too wide) in paragraph at lines 5--6
\JY2/mc/m/n/10 力
 []


Overfull \hbox (9.6222pt too wide) in paragraph at lines 5--6
\JY2/mc/m/n/10 は
 []


Overfull \hbox (9.6222pt too wide) in paragraph at lines 5--6
\JY2/mc/m/n/10 式
 []


Overfull \hbox (10.86105pt too wide) in paragraph at lines 5--6
[]
 []


Overfull \hbox (9.6222pt too wide) in paragraph at lines 5--6
\JY2/mc/m/n/10 で
 []


Overfull \hbox (9.6222pt too wide) in paragraph at lines 5--6
\JY2/mc/m/n/10 定
 []


Overfull \hbox (9.6222pt too wide) in paragraph at lines 5--6
\JY2/mc/m/n/10 義
 []


Overfull \hbox (9.6222pt too wide) in paragraph at lines 5--6
\JY2/mc/m/n/10 す
 []


Overfull \hbox (13.93329pt too wide) in paragraph at lines 5--6
\JY2/mc/m/n/10 る 。 
 []


! LaTeX Error: Missing \begin{document}.

See the LaTeX manual or LaTeX Companion for explanation.
Type  H <return>  for immediate help.
 ...                                              
                                                  
l.7 \begin{equation}
                    
You're in trouble here.  Try typing  <return>  to proceed.
If that doesn't work, type  X <return>  to quit.


Overfull \hbox (20.0pt too wide) in paragraph at lines 7--7
[] 
 []

LaTeX Font Info:    External font `cmex10' loaded for size
(Font)              <7> on input line 7.
LaTeX Font Info:    External font `cmex10' loaded for size
(Font)              <5> on input line 7.

Overfull \hbox (105.41643pt too wide) detected at line 10
[]\OML/cmm/m/it/10 B \OT1/cmr/m/n/10 = \OML/cmm/m/it/10 k[][]z \OMS/cmsy/m/n/10
 ^^@ \OML/cmm/m/it/10 gq[]z
 []


Overfull \hbox (9.2227pt too wide) in paragraph at lines 10--12
$\OML/cmm/m/it/10 k[]$
 []


Overfull \hbox (9.6222pt too wide) in paragraph at lines 10--12
\JY2/mc/m/n/10 は
 []


Overfull \hbox (9.6222pt too wide) in paragraph at lines 10--12
\JY2/mc/m/n/10 浮
 []


Overfull \hbox (9.6222pt too wide) in paragraph at lines 10--12
\JY2/mc/m/n/10 力
 []


Overfull \hbox (9.6222pt too wide) in paragraph at lines 10--12
\JY2/mc/m/n/10 の
 []


Overfull \hbox (9.6222pt too wide) in paragraph at lines 10--12
\JY2/mc/m/n/10 係
 []


Overfull \hbox (13.93329pt too wide) in paragraph at lines 10--12
\JY2/mc/m/n/10 数 、
 []


Overfull \hbox (5.12846pt too wide) in paragraph at lines 10--12
\OML/cmm/m/it/10 g$
 []


Overfull \hbox (9.6222pt too wide) in paragraph at lines 10--12
\JY2/mc/m/n/10 は
 []


Overfull \hbox (9.6222pt too wide) in paragraph at lines 10--12
\JY2/mc/m/n/10 重
 []


Overfull \hbox (9.6222pt too wide) in paragraph at lines 10--12
\JY2/mc/m/n/10 力
 []


Overfull \hbox (9.6222pt too wide) in paragraph at lines 10--12
\JY2/mc/m/n/10 の
 []


Overfull \hbox (9.6222pt too wide) in paragraph at lines 10--12
\JY2/mc/m/n/10 係
 []


Overfull \hbox (13.93329pt too wide) in paragraph at lines 10--12
\JY2/mc/m/n/10 数 、
 []


Overfull \hbox (7.23265pt too wide) in paragraph at lines 10--12
\OML/cmm/m/it/10 T$
 []


Overfull \hbox (9.6222pt too wide) in paragraph at lines 10--12
\JY2/mc/m/n/10 は
 []


Overfull \hbox (9.6222pt too wide) in paragraph at lines 10--12
\JY2/mc/m/n/10 湯
 []


Overfull \hbox (9.6222pt too wide) in paragraph at lines 10--12
\JY2/mc/m/n/10 気
 []


Overfull \hbox (9.6222pt too wide) in paragraph at lines 10--12
\JY2/mc/m/n/10 の
 []


Overfull \hbox (9.6222pt too wide) in paragraph at lines 10--12
\JY2/mc/m/n/10 温
 []


Overfull \hbox (13.93329pt too wide) in paragraph at lines 10--12
\JY2/mc/m/n/10 度 、
 []


Overfull \hbox (21.29417pt too wide) in paragraph at lines 10--12
\OML/cmm/m/it/10 T[]$
 []


Overfull \hbox (9.6222pt too wide) in paragraph at lines 10--12
\JY2/mc/m/n/10 は
 []


Overfull \hbox (9.6222pt too wide) in paragraph at lines 10--12
\JY2/mc/m/n/10 環
 []


Overfull \hbox (9.6222pt too wide) in paragraph at lines 10--12
\JY2/mc/m/n/10 境
 []


Overfull \hbox (9.6222pt too wide) in paragraph at lines 10--12
\JY2/mc/m/n/10 温
 []


Overfull \hbox (13.93329pt too wide) in paragraph at lines 10--12
\JY2/mc/m/n/10 度 、
 []


Overfull \hbox (8.53787pt too wide) in paragraph at lines 10--12
\OML/cmm/m/it/10 q[]$
 []


Overfull \hbox (9.6222pt too wide) in paragraph at lines 10--12
\JY2/mc/m/n/10 は
 []


Overfull \hbox (9.6222pt too wide) in paragraph at lines 10--12
\JY2/mc/m/n/10 湯
 []


Overfull \hbox (9.6222pt too wide) in paragraph at lines 10--12
\JY2/mc/m/n/10 気
 []


Overfull \hbox (9.6222pt too wide) in paragraph at lines 10--12
\JY2/mc/m/n/10 の
 []


Overfull \hbox (9.6222pt too wide) in paragraph at lines 10--12
\JY2/mc/m/n/10 濃
 []


Overfull \hbox (13.93329pt too wide) in paragraph at lines 10--12
\JY2/mc/m/n/10 度 、
 []


Overfull \hbox (5.0903pt too wide) in paragraph at lines 10--12
\OML/cmm/m/it/10 z$
 []


Overfull \hbox (9.6222pt too wide) in paragraph at lines 10--12
\JY2/mc/m/n/10 は
 []


Overfull \hbox (9.6222pt too wide) in paragraph at lines 10--12
\JY2/mc/m/n/10 上
 []


Overfull \hbox (9.6222pt too wide) in paragraph at lines 10--12
\JY2/mc/m/n/10 方
 []


Overfull \hbox (9.6222pt too wide) in paragraph at lines 10--12
\JY2/mc/m/n/10 向
 []


Overfull \hbox (9.6222pt too wide) in paragraph at lines 10--12
\JY2/mc/m/n/10 の
 []


Overfull \hbox (9.6222pt too wide) in paragraph at lines 10--12
\JY2/mc/m/n/10 ベ
 []


Overfull \hbox (9.6222pt too wide) in paragraph at lines 10--12
\JY2/mc/m/n/10 ク
 []


Overfull \hbox (9.6222pt too wide) in paragraph at lines 10--12
\JY2/mc/m/n/10 ト
 []


Overfull \hbox (9.6222pt too wide) in paragraph at lines 10--12
\JY2/mc/m/n/10 ル
 []


Overfull \hbox (9.6222pt too wide) in paragraph at lines 10--12
\JY2/mc/m/n/10 で
 []


Overfull \hbox (9.6222pt too wide) in paragraph at lines 10--12
\JY2/mc/m/n/10 あ
 []


Overfull \hbox (13.93329pt too wide) in paragraph at lines 10--12
\JY2/mc/m/n/10 る 。 
 []


! LaTeX Error: The font size command \normalsize is not defined:
               there is probably something wrong with the class file.

See the LaTeX manual or LaTeX Companion for explanation.
Type  H <return>  for immediate help.
 ...                                              
                                                  
l.12 
     
Your command was ignored.
Type  I <command> <return>  to replace it with another command,
or  <return>  to continue without it.

[1
! Undefined control sequence.
<write> \newlabel{buoyancy}{{1}{\thepage 
                                         }}
l.12 
     
The control sequence at the end of the top line
of your error message was never \def'ed. If you have
misspelled it (e.g., `\hobx'), type `I' and the correct
spelling (e.g., `I\hbox'). Otherwise just continue,
and I'll forget about whatever was undefined.

\newlabel{buoyancy}{{1}{}}
]

! LaTeX Error: Missing \begin{document}.

See the LaTeX manual or LaTeX Companion for explanation.
Type  H <return>  for immediate help.
 ...                                              
                                                  
l.13 相
        転移を考慮した湯気の濃度$q_{c}$と水蒸気$q_{v}$の量...

You're in trouble here.  Try typing  <return>  to proceed.
If that doesn't work, type  X <return>  to quit.


Overfull \hbox (20.0pt too wide) in paragraph at lines 13--14
[]
 []


Overfull \hbox (9.6222pt too wide) in paragraph at lines 13--14
\JY2/mc/m/n/10 相
 []


Overfull \hbox (9.6222pt too wide) in paragraph at lines 13--14
\JY2/mc/m/n/10 転
 []


Overfull \hbox (9.6222pt too wide) in paragraph at lines 13--14
\JY2/mc/m/n/10 移
 []


Overfull \hbox (9.6222pt too wide) in paragraph at lines 13--14
\JY2/mc/m/n/10 を
 []


Overfull \hbox (9.6222pt too wide) in paragraph at lines 13--14
\JY2/mc/m/n/10 考
 []


Overfull \hbox (9.6222pt too wide) in paragraph at lines 13--14
\JY2/mc/m/n/10 慮
 []


Overfull \hbox (9.6222pt too wide) in paragraph at lines 13--14
\JY2/mc/m/n/10 し
 []


Overfull \hbox (9.6222pt too wide) in paragraph at lines 13--14
\JY2/mc/m/n/10 た
 []


Overfull \hbox (9.6222pt too wide) in paragraph at lines 13--14
\JY2/mc/m/n/10 湯
 []


Overfull \hbox (9.6222pt too wide) in paragraph at lines 13--14
\JY2/mc/m/n/10 気
 []


Overfull \hbox (9.6222pt too wide) in paragraph at lines 13--14
\JY2/mc/m/n/10 の
 []


Overfull \hbox (9.6222pt too wide) in paragraph at lines 13--14
\JY2/mc/m/n/10 濃
 []


Overfull \hbox (9.6222pt too wide) in paragraph at lines 13--14
\JY2/mc/m/n/10 度
 []


Overfull \hbox (8.53787pt too wide) in paragraph at lines 13--14
\OML/cmm/m/it/10 q[]$
 []


Overfull \hbox (9.6222pt too wide) in paragraph at lines 13--14
\JY2/mc/m/n/10 と
 []


Overfull \hbox (9.6222pt too wide) in paragraph at lines 13--14
\JY2/mc/m/n/10 水
 []


Overfull \hbox (9.6222pt too wide) in paragraph at lines 13--14
\JY2/mc/m/n/10 蒸
 []


Overfull \hbox (9.6222pt too wide) in paragraph at lines 13--14
\JY2/mc/m/n/10 気
 []


Overfull \hbox (9.21532pt too wide) in paragraph at lines 13--14
\OML/cmm/m/it/10 q[]$
 []


Overfull \hbox (9.6222pt too wide) in paragraph at lines 13--14
\JY2/mc/m/n/10 の
 []


Overfull \hbox (9.6222pt too wide) in paragraph at lines 13--14
\JY2/mc/m/n/10 量
 []


Overfull \hbox (9.6222pt too wide) in paragraph at lines 13--14
\JY2/mc/m/n/10 は
 []


Overfull \hbox (9.6222pt too wide) in paragraph at lines 13--14
\JY2/mc/m/n/10 次
 []


Overfull \hbox (9.6222pt too wide) in paragraph at lines 13--14
\JY2/mc/m/n/10 式
 []


Overfull \hbox (9.6222pt too wide) in paragraph at lines 13--14
\JY2/mc/m/n/10 で
 []


Overfull \hbox (9.6222pt too wide) in paragraph at lines 13--14
\JY2/mc/m/n/10 定
 []


Overfull \hbox (9.6222pt too wide) in paragraph at lines 13--14
\JY2/mc/m/n/10 義
 []


Overfull \hbox (9.6222pt too wide) in paragraph at lines 13--14
\JY2/mc/m/n/10 す
 []


Overfull \hbox (13.93329pt too wide) in paragraph at lines 13--14
\JY2/mc/m/n/10 る 。 
 []


Overfull \hbox (90.10063pt too wide) detected at line 17
[][] \OT1/cmr/m/n/10 = \OMS/cmsy/m/n/10 ^^@\OT1/cmr/m/n/10 (\OML/cmm/m/it/10 ^^
] \OMS/cmsy/m/n/10 ^^A r\OT1/cmr/m/n/10 )\OML/cmm/m/it/10 q[] \OT1/cmr/m/n/10 +
 \OML/cmm/m/it/10 C[]
 []


Overfull \hbox (110.11646pt too wide) detected at line 21
[][] \OT1/cmr/m/n/10 = \OMS/cmsy/m/n/10 ^^@\OT1/cmr/m/n/10 (\OML/cmm/m/it/10 ^^
] \OMS/cmsy/m/n/10 ^^A r\OT1/cmr/m/n/10 )\OML/cmm/m/it/10 q[] \OMS/cmsy/m/n/10 
^^@ \OML/cmm/m/it/10 C[] \OT1/cmr/m/n/10 + \OML/cmm/m/it/10 S[]
 []


Overfull \hbox (11.22096pt too wide) in paragraph at lines 21--23
$\OML/cmm/m/it/10 C[]$
 []


Overfull \hbox (9.6222pt too wide) in paragraph at lines 21--23
\JY2/mc/m/n/10 は
 []


Overfull \hbox (9.6222pt too wide) in paragraph at lines 21--23
\JY2/mc/m/n/10 相
 []


Overfull \hbox (9.6222pt too wide) in paragraph at lines 21--23
\JY2/mc/m/n/10 転
 []


Overfull \hbox (9.6222pt too wide) in paragraph at lines 21--23
\JY2/mc/m/n/10 移
 []


Overfull \hbox (9.6222pt too wide) in paragraph at lines 21--23
\JY2/mc/m/n/10 に
 []


Overfull \hbox (9.6222pt too wide) in paragraph at lines 21--23
\JY2/mc/m/n/10 よ
 []


Overfull \hbox (9.6222pt too wide) in paragraph at lines 21--23
\JY2/mc/m/n/10 っ
 []


Overfull \hbox (9.6222pt too wide) in paragraph at lines 21--23
\JY2/mc/m/n/10 て
 []


Overfull \hbox (9.6222pt too wide) in paragraph at lines 21--23
\JY2/mc/m/n/10 発
 []


Overfull \hbox (9.6222pt too wide) in paragraph at lines 21--23
\JY2/mc/m/n/10 生
 []


Overfull \hbox (9.6222pt too wide) in paragraph at lines 21--23
\JY2/mc/m/n/10 す
 []


Overfull \hbox (9.6222pt too wide) in paragraph at lines 21--23
\JY2/mc/m/n/10 る
 []


Overfull \hbox (9.6222pt too wide) in paragraph at lines 21--23
\JY2/mc/m/n/10 湯
 []


Overfull \hbox (9.6222pt too wide) in paragraph at lines 21--23
\JY2/mc/m/n/10 気
 []


Overfull \hbox (9.6222pt too wide) in paragraph at lines 21--23
\JY2/mc/m/n/10 の
 []


Overfull \hbox (13.93329pt too wide) in paragraph at lines 21--23
\JY2/mc/m/n/10 量 、
 []


Overfull \hbox (10.88313pt too wide) in paragraph at lines 21--23
\OML/cmm/m/it/10 S[]$
 []


Overfull \hbox (9.6222pt too wide) in paragraph at lines 21--23
\JY2/mc/m/n/10 は
 []


Overfull \hbox (9.6222pt too wide) in paragraph at lines 21--23
\JY2/mc/m/n/10 水
 []


Overfull \hbox (9.6222pt too wide) in paragraph at lines 21--23
\JY2/mc/m/n/10 蒸
 []


Overfull \hbox (9.6222pt too wide) in paragraph at lines 21--23
\JY2/mc/m/n/10 気
 []


Overfull \hbox (9.6222pt too wide) in paragraph at lines 21--23
\JY2/mc/m/n/10 源
 []


Overfull \hbox (9.6222pt too wide) in paragraph at lines 21--23
\JY2/mc/m/n/10 か
 []


Overfull \hbox (9.6222pt too wide) in paragraph at lines 21--23
\JY2/mc/m/n/10 ら
 []


Overfull \hbox (9.6222pt too wide) in paragraph at lines 21--23
\JY2/mc/m/n/10 水
 []


Overfull \hbox (9.6222pt too wide) in paragraph at lines 21--23
\JY2/mc/m/n/10 蒸
 []


Overfull \hbox (9.6222pt too wide) in paragraph at lines 21--23
\JY2/mc/m/n/10 気
 []


Overfull \hbox (9.6222pt too wide) in paragraph at lines 21--23
\JY2/mc/m/n/10 の
 []


Overfull \hbox (9.6222pt too wide) in paragraph at lines 21--23
\JY2/mc/m/n/10 供
 []


Overfull \hbox (9.6222pt too wide) in paragraph at lines 21--23
\JY2/mc/m/n/10 給
 []


Overfull \hbox (13.93329pt too wide) in paragraph at lines 21--23
\JY2/mc/m/n/10 量 、
 []


Overfull \hbox (6.43404pt too wide) in paragraph at lines 21--23
\OML/cmm/m/it/10 ^^K$
 []


Overfull \hbox (9.6222pt too wide) in paragraph at lines 21--23
\JY2/mc/m/n/10 は
 []


Overfull \hbox (9.6222pt too wide) in paragraph at lines 21--23
\JY2/mc/m/n/10 相
 []


Overfull \hbox (9.6222pt too wide) in paragraph at lines 21--23
\JY2/mc/m/n/10 転
 []


Overfull \hbox (9.6222pt too wide) in paragraph at lines 21--23
\JY2/mc/m/n/10 移
 []


Overfull \hbox (9.6222pt too wide) in paragraph at lines 21--23
\JY2/mc/m/n/10 率
 []


Overfull \hbox (9.6222pt too wide) in paragraph at lines 21--23
\JY2/mc/m/n/10 で
 []


Overfull \hbox (9.6222pt too wide) in paragraph at lines 21--23
\JY2/mc/m/n/10 あ
 []


Overfull \hbox (13.93329pt too wide) in paragraph at lines 21--23
\JY2/mc/m/n/10 る 。 
 []


Overfull \hbox (64.49759pt too wide) detected at line 26
[]\OML/cmm/m/it/10 C[] \OT1/cmr/m/n/10 = \OML/cmm/m/it/10 ^^K\OT1/cmr/m/n/10 (\
OML/cmm/m/it/10 q[] \OMS/cmsy/m/n/10 ^^@ \OML/cmm/m/it/10 q[]\OT1/cmr/m/n/10 )
 []


Overfull \hbox (8.73845pt too wide) in paragraph at lines 26--28
$\OML/cmm/m/it/10 q[]$
 []


Overfull \hbox (9.6222pt too wide) in paragraph at lines 26--28
\JY2/mc/m/n/10 は
 []


Overfull \hbox (9.6222pt too wide) in paragraph at lines 26--28
\JY2/mc/m/n/10 飽
 []


Overfull \hbox (9.6222pt too wide) in paragraph at lines 26--28
\JY2/mc/m/n/10 和
 []


Overfull \hbox (9.6222pt too wide) in paragraph at lines 26--28
\JY2/mc/m/n/10 水
 []


Overfull \hbox (9.6222pt too wide) in paragraph at lines 26--28
\JY2/mc/m/n/10 蒸
 []


Overfull \hbox (9.6222pt too wide) in paragraph at lines 26--28
\JY2/mc/m/n/10 気
 []


Overfull \hbox (9.6222pt too wide) in paragraph at lines 26--28
\JY2/mc/m/n/10 密
 []


Overfull \hbox (9.6222pt too wide) in paragraph at lines 26--28
\JY2/mc/m/n/10 度
 []


Overfull \hbox (9.6222pt too wide) in paragraph at lines 26--28
\JY2/mc/m/n/10 を
 []


Overfull \hbox (9.6222pt too wide) in paragraph at lines 26--28
\JY2/mc/m/n/10 表
 []


Overfull \hbox (13.93329pt too wide) in paragraph at lines 26--28
\JY2/mc/m/n/10 し 、
 []


Overfull \hbox (9.6222pt too wide) in paragraph at lines 26--28
\JY2/mc/m/n/10 次
 []


Overfull \hbox (9.6222pt too wide) in paragraph at lines 26--28
\JY2/mc/m/n/10 式
 []


Overfull \hbox (9.6222pt too wide) in paragraph at lines 26--28
\JY2/mc/m/n/10 で
 []


Overfull \hbox (9.6222pt too wide) in paragraph at lines 26--28
\JY2/mc/m/n/10 与
 []


Overfull \hbox (9.6222pt too wide) in paragraph at lines 26--28
\JY2/mc/m/n/10 え
 []


Overfull \hbox (9.6222pt too wide) in paragraph at lines 26--28
\JY2/mc/m/n/10 ら
 []


Overfull \hbox (9.6222pt too wide) in paragraph at lines 26--28
\JY2/mc/m/n/10 れ
 []


Overfull \hbox (13.93329pt too wide) in paragraph at lines 26--28
\JY2/mc/m/n/10 る 。 
 []


Overfull \hbox (163.70877pt too wide) detected at line 31
[]\OML/cmm/m/it/10 q[] \OT1/cmr/m/n/10 = [] []
 []


Overfull \hbox (9.6222pt too wide) in paragraph at lines 31--34
\JY2/mc/m/n/10 こ
 []


Overfull \hbox (9.6222pt too wide) in paragraph at lines 31--34
\JY2/mc/m/n/10 こ
 []


Overfull \hbox (9.6222pt too wide) in paragraph at lines 31--34
\JY2/mc/m/n/10 で
 []


Overfull \hbox (32.33813pt too wide) in paragraph at lines 31--34
\OML/cmm/m/it/10 A; B; C$
 []


Overfull \hbox (9.6222pt too wide) in paragraph at lines 31--34
\JY2/mc/m/n/10 は
 []


Overfull \hbox (9.6222pt too wide) in paragraph at lines 31--34
\JY2/mc/m/n/10 飽
 []


Overfull \hbox (9.6222pt too wide) in paragraph at lines 31--34
\JY2/mc/m/n/10 和
 []


Overfull \hbox (9.6222pt too wide) in paragraph at lines 31--34
\JY2/mc/m/n/10 水
 []


Overfull \hbox (9.6222pt too wide) in paragraph at lines 31--34
\JY2/mc/m/n/10 蒸
 []


Overfull \hbox (9.6222pt too wide) in paragraph at lines 31--34
\JY2/mc/m/n/10 気
 []


Overfull \hbox (9.6222pt too wide) in paragraph at lines 31--34
\JY2/mc/m/n/10 密
 []


Overfull \hbox (9.6222pt too wide) in paragraph at lines 31--34
\JY2/mc/m/n/10 度
 []


Overfull \hbox (9.6222pt too wide) in paragraph at lines 31--34
\JY2/mc/m/n/10 を
 []


Overfull \hbox (9.6222pt too wide) in paragraph at lines 31--34
\JY2/mc/m/n/10 決
 []


Overfull \hbox (9.6222pt too wide) in paragraph at lines 31--34
\JY2/mc/m/n/10 定
 []


Overfull \hbox (9.6222pt too wide) in paragraph at lines 31--34
\JY2/mc/m/n/10 す
 []


Overfull \hbox (9.6222pt too wide) in paragraph at lines 31--34
\JY2/mc/m/n/10 る
 []


Overfull \hbox (9.6222pt too wide) in paragraph at lines 31--34
\JY2/mc/m/n/10 た
 []


Overfull \hbox (9.6222pt too wide) in paragraph at lines 31--34
\JY2/mc/m/n/10 め
 []


Overfull \hbox (9.6222pt too wide) in paragraph at lines 31--34
\JY2/mc/m/n/10 の
 []


Overfull \hbox (9.6222pt too wide) in paragraph at lines 31--34
\JY2/mc/m/n/10 パ
 []


Overfull \hbox (9.6222pt too wide) in paragraph at lines 31--34
\JY2/mc/m/n/10 ラ
 []


Overfull \hbox (18.74438pt too wide) in paragraph at lines 31--34
\JY2/mc/m/n/10 メ ー
 []


Overfull \hbox (9.6222pt too wide) in paragraph at lines 31--34
\JY2/mc/m/n/10 タ
 []


Overfull \hbox (9.6222pt too wide) in paragraph at lines 31--34
\JY2/mc/m/n/10 で
 []


Overfull \hbox (9.6222pt too wide) in paragraph at lines 31--34
\JY2/mc/m/n/10 あ
 []


Overfull \hbox (13.93329pt too wide) in paragraph at lines 31--34
\JY2/mc/m/n/10 る 。
 []


Overfull \hbox (9.6222pt too wide) in paragraph at lines 31--34
\JY2/mc/m/n/10 温
 []


Overfull \hbox (9.6222pt too wide) in paragraph at lines 31--34
\JY2/mc/m/n/10 度
 []


Overfull \hbox (7.23265pt too wide) in paragraph at lines 31--34
\OML/cmm/m/it/10 T$
 []


Overfull \hbox (9.6222pt too wide) in paragraph at lines 31--34
\JY2/mc/m/n/10 は
 []


Overfull \hbox (9.6222pt too wide) in paragraph at lines 31--34
\JY2/mc/m/n/10 以
 []


Overfull \hbox (9.6222pt too wide) in paragraph at lines 31--34
\JY2/mc/m/n/10 下
 []


Overfull \hbox (9.6222pt too wide) in paragraph at lines 31--34
\JY2/mc/m/n/10 の
 []


Overfull \hbox (9.6222pt too wide) in paragraph at lines 31--34
\JY2/mc/m/n/10 よ
 []


Overfull \hbox (9.6222pt too wide) in paragraph at lines 31--34
\JY2/mc/m/n/10 う
 []


Overfull \hbox (9.6222pt too wide) in paragraph at lines 31--34
\JY2/mc/m/n/10 に
 []


Overfull \hbox (9.6222pt too wide) in paragraph at lines 31--34
\JY2/mc/m/n/10 表
 []


Overfull \hbox (9.6222pt too wide) in paragraph at lines 31--34
\JY2/mc/m/n/10 さ
 []


Overfull \hbox (9.6222pt too wide) in paragraph at lines 31--34
\JY2/mc/m/n/10 れ
 []


Overfull \hbox (13.93329pt too wide) in paragraph at lines 31--34
\JY2/mc/m/n/10 る 。 
 []


Overfull \hbox (115.60513pt too wide) detected at line 37
[][] \OT1/cmr/m/n/10 = \OMS/cmsy/m/n/10 ^^@\OT1/cmr/m/n/10 (\OML/cmm/m/it/10 ^^
] \OMS/cmsy/m/n/10 ^^A r\OT1/cmr/m/n/10 )\OML/cmm/m/it/10 T \OMS/cmsy/m/n/10 ^^
@ \OML/cmm/m/it/10 QC[] \OT1/cmr/m/n/10 + \OML/cmm/m/it/10 S[]
 []

)
! Emergency stop.
<*> Steam.tex
             
*** (job aborted, no legal \end found)

 
Here is how much of TeX's memory you used:
 14 strings out of 493769
 157 string characters out of 6151300
 59267 words of memory out of 5000000
 3607 multiletter control sequences out of 15000+600000
 6283 words of font info for 32 fonts, out of 8000000 for 9000
 929 hyphenation exceptions out of 8191
 23i,4n,22p,203b,100s stack positions out of 5000i,500n,10000p,200000b,80000s
Output written on Steam.dvi (1 page, 1200 bytes).
