This is e-upTeX, Version 3.14159265-p3.6-u1.20-141210-2.6 (utf8.uptex) (TeX Live 2015) (preloaded format=uplatex 2015.6.13)  20 NOV 2015 01:41
entering extended mode
 restricted \write18 enabled.
 %&-line parsing enabled.
**Steam.tex
(./Steam.tex
pLaTeX2e <2011/05/07u00>+0 (based on LaTeX2e <2015/01/01> patch level 0)
Babel <3.9l> and hyphenation patterns for 79 languages loaded.
! Undefined control sequence.
l.1 \section
            {湯気のシミュレーション}
The control sequence at the end of the top line
of your error message was never \def'ed. If you have
misspelled it (e.g., `\hobx'), type `I' and the correct
spelling (e.g., `I\hbox'). Otherwise just continue,
and I'll forget about whatever was undefined.


! LaTeX Error: Missing \begin{document}.

See the LaTeX manual or LaTeX Companion for explanation.
Type  H <return>  for immediate help.
 ...                                              
                                                  
l.1 \section{湯
                気のシミュレーション}
You're in trouble here.  Try typing  <return>  to proceed.
If that doesn't work, type  X <return>  to quit.


Overfull \hbox (20.0pt too wide) in paragraph at lines 1--2
[]
 []


Overfull \hbox (9.6222pt too wide) in paragraph at lines 1--2
\JY2/mc/m/n/10 湯
 []


Overfull \hbox (9.6222pt too wide) in paragraph at lines 1--2
\JY2/mc/m/n/10 気
 []


Overfull \hbox (9.6222pt too wide) in paragraph at lines 1--2
\JY2/mc/m/n/10 の
 []


Overfull \hbox (9.6222pt too wide) in paragraph at lines 1--2
\JY2/mc/m/n/10 シ
 []


Overfull \hbox (9.6222pt too wide) in paragraph at lines 1--2
\JY2/mc/m/n/10 ミ
 []


Overfull \hbox (9.6222pt too wide) in paragraph at lines 1--2
\JY2/mc/m/n/10 ュ
 []


Overfull \hbox (18.74438pt too wide) in paragraph at lines 1--2
\JY2/mc/m/n/10 レ ー
 []


Overfull \hbox (9.6222pt too wide) in paragraph at lines 1--2
\JY2/mc/m/n/10 シ
 []


Overfull \hbox (9.6222pt too wide) in paragraph at lines 1--2
\JY2/mc/m/n/10 ョ
 []


Overfull \hbox (9.6222pt too wide) in paragraph at lines 1--2
\JY2/mc/m/n/10 ン 
 []


! LaTeX Error: Missing \begin{document}.

See the LaTeX manual or LaTeX Companion for explanation.
Type  H <return>  for immediate help.
 ...                                              
                                                  
l.3 湯
       気のシミュレーションモデルの気体のモデルは\cite{...

You're in trouble here.  Try typing  <return>  to proceed.
If that doesn't work, type  X <return>  to quit.

\citation{Fedkiw2001}
LaTeX Font Info:    Font shape `JT2/mc/m/n' will be
(Font)              scaled to size 9.6222pt on input line 3.
LaTeX Font Info:    Font shape `JY2/mc/m/n' will be
(Font)              scaled to size 9.6222pt on input line 3.
LaTeX Font Info:    Font shape `JT2/mc/bx/n' in size <10> not available
(Font)              Font shape `JT2/gt/m/n' tried instead on input line 3.
LaTeX Font Info:    Font shape `JT2/gt/m/n' will be
(Font)              scaled to size 9.6222pt on input line 3.
LaTeX Font Info:    Font shape `JY2/mc/bx/n' in size <10> not available
(Font)              Font shape `JY2/gt/m/n' tried instead on input line 3.
LaTeX Font Info:    Font shape `JY2/gt/m/n' will be
(Font)              scaled to size 9.6222pt on input line 3.
! Undefined control sequence.
<write> ...: Citation `\@citeb ' on page \thepage 
                                                  \space undefined\on@line .^^J
l.3 ...の気体のモデルは\cite{Fedkiw2001}
                                                の煙のシミュレーショ
The control sequence at the end of the top line
of your error message was never \def'ed. If you have
misspelled it (e.g., `\hobx'), type `I' and the correct
spelling (e.g., `I\hbox'). Otherwise just continue,
and I'll forget about whatever was undefined.


LaTeX Warning: Citation `Fedkiw2001' on page  undefined on input line 3.

\citation{Miyazaki2002}
! Undefined control sequence.
<write> ...: Citation `\@citeb ' on page \thepage 
                                                  \space undefined\on@line .^^J
l.4 ...た湯気のモデルは\cite{Miyazaki2002}
                                                  \cite{Dobashi2008}で提...
The control sequence at the end of the top line
of your error message was never \def'ed. If you have
misspelled it (e.g., `\hobx'), type `I' and the correct
spelling (e.g., `I\hbox'). Otherwise just continue,
and I'll forget about whatever was undefined.


LaTeX Warning: Citation `Miyazaki2002' on page  undefined on input line 4.

\citation{Dobashi2008}
! Undefined control sequence.
<write> ...: Citation `\@citeb ' on page \thepage 
                                                  \space undefined\on@line .^^J
l.4 ...ルは\cite{Miyazaki2002}\cite{Dobashi2008}
                                                  で提案される雲の...
The control sequence at the end of the top line
of your error message was never \def'ed. If you have
misspelled it (e.g., `\hobx'), type `I' and the correct
spelling (e.g., `I\hbox'). Otherwise just continue,
and I'll forget about whatever was undefined.


LaTeX Warning: Citation `Dobashi2008' on page  undefined on input line 4.


Overfull \hbox (20.0pt too wide) in paragraph at lines 3--7
[]
 []


Overfull \hbox (9.6222pt too wide) in paragraph at lines 3--7
\JY2/mc/m/n/10 湯
 []


Overfull \hbox (9.6222pt too wide) in paragraph at lines 3--7
\JY2/mc/m/n/10 気
 []


Overfull \hbox (9.6222pt too wide) in paragraph at lines 3--7
\JY2/mc/m/n/10 の
 []


Overfull \hbox (9.6222pt too wide) in paragraph at lines 3--7
\JY2/mc/m/n/10 シ
 []


Overfull \hbox (9.6222pt too wide) in paragraph at lines 3--7
\JY2/mc/m/n/10 ミ
 []


Overfull \hbox (9.6222pt too wide) in paragraph at lines 3--7
\JY2/mc/m/n/10 ュ
 []


Overfull \hbox (18.74438pt too wide) in paragraph at lines 3--7
\JY2/mc/m/n/10 レ ー
 []


Overfull \hbox (9.6222pt too wide) in paragraph at lines 3--7
\JY2/mc/m/n/10 シ
 []


Overfull \hbox (9.6222pt too wide) in paragraph at lines 3--7
\JY2/mc/m/n/10 ョ
 []


Overfull \hbox (9.6222pt too wide) in paragraph at lines 3--7
\JY2/mc/m/n/10 ン
 []


Overfull \hbox (9.6222pt too wide) in paragraph at lines 3--7
\JY2/mc/m/n/10 モ
 []


Overfull \hbox (9.6222pt too wide) in paragraph at lines 3--7
\JY2/mc/m/n/10 デ
 []


Overfull \hbox (9.6222pt too wide) in paragraph at lines 3--7
\JY2/mc/m/n/10 ル
 []


Overfull \hbox (9.6222pt too wide) in paragraph at lines 3--7
\JY2/mc/m/n/10 の
 []


Overfull \hbox (9.6222pt too wide) in paragraph at lines 3--7
\JY2/mc/m/n/10 気
 []


Overfull \hbox (9.6222pt too wide) in paragraph at lines 3--7
\JY2/mc/m/n/10 体
 []


Overfull \hbox (9.6222pt too wide) in paragraph at lines 3--7
\JY2/mc/m/n/10 の
 []


Overfull \hbox (9.6222pt too wide) in paragraph at lines 3--7
\JY2/mc/m/n/10 モ
 []


Overfull \hbox (9.6222pt too wide) in paragraph at lines 3--7
\JY2/mc/m/n/10 デ
 []


Overfull \hbox (9.6222pt too wide) in paragraph at lines 3--7
\JY2/mc/m/n/10 ル
 []


Overfull \hbox (9.6222pt too wide) in paragraph at lines 3--7
\JY2/mc/m/n/10 は
 []


Overfull \hbox (10.9861pt too wide) in paragraph at lines 3--7
\OT1/cmr/m/n/10 [[]]
 []


Overfull \hbox (9.6222pt too wide) in paragraph at lines 3--7
\JY2/mc/m/n/10 の
 []


Overfull \hbox (9.6222pt too wide) in paragraph at lines 3--7
\JY2/mc/m/n/10 煙
 []


Overfull \hbox (9.6222pt too wide) in paragraph at lines 3--7
\JY2/mc/m/n/10 の
 []


Overfull \hbox (9.6222pt too wide) in paragraph at lines 3--7
\JY2/mc/m/n/10 シ
 []


Overfull \hbox (9.6222pt too wide) in paragraph at lines 3--7
\JY2/mc/m/n/10 ミ
 []


Overfull \hbox (9.6222pt too wide) in paragraph at lines 3--7
\JY2/mc/m/n/10 ュ
 []


Overfull \hbox (18.74438pt too wide) in paragraph at lines 3--7
\JY2/mc/m/n/10 レ ー
 []


Overfull \hbox (9.6222pt too wide) in paragraph at lines 3--7
\JY2/mc/m/n/10 シ
 []


Overfull \hbox (9.6222pt too wide) in paragraph at lines 3--7
\JY2/mc/m/n/10 ョ
 []


Overfull \hbox (9.6222pt too wide) in paragraph at lines 3--7
\JY2/mc/m/n/10 ン
 []


Overfull \hbox (9.6222pt too wide) in paragraph at lines 3--7
\JY2/mc/m/n/10 の
 []


Overfull \hbox (9.6222pt too wide) in paragraph at lines 3--7
\JY2/mc/m/n/10 手
 []


Overfull \hbox (9.6222pt too wide) in paragraph at lines 3--7
\JY2/mc/m/n/10 法
 []


Overfull \hbox (9.6222pt too wide) in paragraph at lines 3--7
\JY2/mc/m/n/10 に
 []


Overfull \hbox (9.6222pt too wide) in paragraph at lines 3--7
\JY2/mc/m/n/10 基
 []


Overfull \hbox (9.6222pt too wide) in paragraph at lines 3--7
\JY2/mc/m/n/10 づ
 []


Overfull \hbox (9.6222pt too wide) in paragraph at lines 3--7
\JY2/mc/m/n/10 き
 []


Overfull \hbox (9.6222pt too wide) in paragraph at lines 3--7
\JY2/mc/m/n/10 非
 []


Overfull \hbox (9.6222pt too wide) in paragraph at lines 3--7
\JY2/mc/m/n/10 粘
 []


Overfull \hbox (13.93329pt too wide) in paragraph at lines 3--7
\JY2/mc/m/n/10 性 、
 []


Overfull \hbox (9.6222pt too wide) in paragraph at lines 3--7
\JY2/mc/m/n/10 非
 []


Overfull \hbox (9.6222pt too wide) in paragraph at lines 3--7
\JY2/mc/m/n/10 圧
 []


Overfull \hbox (9.6222pt too wide) in paragraph at lines 3--7
\JY2/mc/m/n/10 縮
 []


Overfull \hbox (9.6222pt too wide) in paragraph at lines 3--7
\JY2/mc/m/n/10 の
 []


Overfull \hbox (9.6222pt too wide) in paragraph at lines 3--7
\JY2/mc/m/n/10 気
 []


Overfull \hbox (9.6222pt too wide) in paragraph at lines 3--7
\JY2/mc/m/n/10 体
 []


Overfull \hbox (9.6222pt too wide) in paragraph at lines 3--7
\JY2/mc/m/n/10 を
 []


Overfull \hbox (9.6222pt too wide) in paragraph at lines 3--7
\JY2/mc/m/n/10 仮
 []


Overfull \hbox (9.6222pt too wide) in paragraph at lines 3--7
\JY2/mc/m/n/10 定
 []


Overfull \hbox (9.6222pt too wide) in paragraph at lines 3--7
\JY2/mc/m/n/10 す
 []


Overfull \hbox (13.93329pt too wide) in paragraph at lines 3--7
\JY2/mc/m/n/10 る 。
 []


Overfull \hbox (9.6222pt too wide) in paragraph at lines 3--7
\JY2/mc/m/n/10 相
 []


Overfull \hbox (9.6222pt too wide) in paragraph at lines 3--7
\JY2/mc/m/n/10 転
 []


Overfull \hbox (9.6222pt too wide) in paragraph at lines 3--7
\JY2/mc/m/n/10 移
 []


Overfull \hbox (9.6222pt too wide) in paragraph at lines 3--7
\JY2/mc/m/n/10 を
 []


Overfull \hbox (9.6222pt too wide) in paragraph at lines 3--7
\JY2/mc/m/n/10 考
 []


Overfull \hbox (9.6222pt too wide) in paragraph at lines 3--7
\JY2/mc/m/n/10 慮
 []


Overfull \hbox (9.6222pt too wide) in paragraph at lines 3--7
\JY2/mc/m/n/10 し
 []


Overfull \hbox (9.6222pt too wide) in paragraph at lines 3--7
\JY2/mc/m/n/10 た
 []


Overfull \hbox (9.6222pt too wide) in paragraph at lines 3--7
\JY2/mc/m/n/10 湯
 []


Overfull \hbox (9.6222pt too wide) in paragraph at lines 3--7
\JY2/mc/m/n/10 気
 []


Overfull \hbox (9.6222pt too wide) in paragraph at lines 3--7
\JY2/mc/m/n/10 の
 []


Overfull \hbox (9.6222pt too wide) in paragraph at lines 3--7
\JY2/mc/m/n/10 モ
 []


Overfull \hbox (9.6222pt too wide) in paragraph at lines 3--7
\JY2/mc/m/n/10 デ
 []


Overfull \hbox (9.6222pt too wide) in paragraph at lines 3--7
\JY2/mc/m/n/10 ル
 []


Overfull \hbox (9.6222pt too wide) in paragraph at lines 3--7
\JY2/mc/m/n/10 は
 []


Overfull \hbox (21.9722pt too wide) in paragraph at lines 3--7
\OT1/cmr/m/n/10 [[]][[]]
 []


Overfull \hbox (9.6222pt too wide) in paragraph at lines 3--7
\JY2/mc/m/n/10 で
 []


Overfull \hbox (9.6222pt too wide) in paragraph at lines 3--7
\JY2/mc/m/n/10 提
 []


Overfull \hbox (9.6222pt too wide) in paragraph at lines 3--7
\JY2/mc/m/n/10 案
 []


Overfull \hbox (9.6222pt too wide) in paragraph at lines 3--7
\JY2/mc/m/n/10 さ
 []


Overfull \hbox (9.6222pt too wide) in paragraph at lines 3--7
\JY2/mc/m/n/10 れ
 []


Overfull \hbox (9.6222pt too wide) in paragraph at lines 3--7
\JY2/mc/m/n/10 る
 []


Overfull \hbox (9.6222pt too wide) in paragraph at lines 3--7
\JY2/mc/m/n/10 雲
 []


Overfull \hbox (9.6222pt too wide) in paragraph at lines 3--7
\JY2/mc/m/n/10 の
 []


Overfull \hbox (9.6222pt too wide) in paragraph at lines 3--7
\JY2/mc/m/n/10 シ
 []


Overfull \hbox (9.6222pt too wide) in paragraph at lines 3--7
\JY2/mc/m/n/10 ミ
 []


Overfull \hbox (9.6222pt too wide) in paragraph at lines 3--7
\JY2/mc/m/n/10 ュ
 []


Overfull \hbox (18.74438pt too wide) in paragraph at lines 3--7
\JY2/mc/m/n/10 レ ー
 []


Overfull \hbox (9.6222pt too wide) in paragraph at lines 3--7
\JY2/mc/m/n/10 シ
 []


Overfull \hbox (9.6222pt too wide) in paragraph at lines 3--7
\JY2/mc/m/n/10 ョ
 []


Overfull \hbox (9.6222pt too wide) in paragraph at lines 3--7
\JY2/mc/m/n/10 ン
 []


Overfull \hbox (9.6222pt too wide) in paragraph at lines 3--7
\JY2/mc/m/n/10 の
 []


Overfull \hbox (9.6222pt too wide) in paragraph at lines 3--7
\JY2/mc/m/n/10 モ
 []


Overfull \hbox (9.6222pt too wide) in paragraph at lines 3--7
\JY2/mc/m/n/10 デ
 []


Overfull \hbox (9.6222pt too wide) in paragraph at lines 3--7
\JY2/mc/m/n/10 ル
 []


Overfull \hbox (9.6222pt too wide) in paragraph at lines 3--7
\JY2/mc/m/n/10 か
 []


Overfull \hbox (9.6222pt too wide) in paragraph at lines 3--7
\JY2/mc/m/n/10 ら
 []


Overfull \hbox (9.6222pt too wide) in paragraph at lines 3--7
\JY2/mc/m/n/10 乾
 []


Overfull \hbox (9.6222pt too wide) in paragraph at lines 3--7
\JY2/mc/m/n/10 燥
 []


Overfull \hbox (9.6222pt too wide) in paragraph at lines 3--7
\JY2/mc/m/n/10 断
 []


Overfull \hbox (9.6222pt too wide) in paragraph at lines 3--7
\JY2/mc/m/n/10 熱
 []


Overfull \hbox (9.6222pt too wide) in paragraph at lines 3--7
\JY2/mc/m/n/10 減
 []


Overfull \hbox (9.6222pt too wide) in paragraph at lines 3--7
\JY2/mc/m/n/10 率
 []


Overfull \hbox (9.6222pt too wide) in paragraph at lines 3--7
\JY2/mc/m/n/10 を
 []


Overfull \hbox (9.6222pt too wide) in paragraph at lines 3--7
\JY2/mc/m/n/10 無
 []


Overfull \hbox (9.6222pt too wide) in paragraph at lines 3--7
\JY2/mc/m/n/10 視
 []


Overfull \hbox (9.6222pt too wide) in paragraph at lines 3--7
\JY2/mc/m/n/10 し
 []


Overfull \hbox (9.6222pt too wide) in paragraph at lines 3--7
\JY2/mc/m/n/10 た
 []


Overfull \hbox (9.6222pt too wide) in paragraph at lines 3--7
\JY2/mc/m/n/10 も
 []


Overfull \hbox (9.6222pt too wide) in paragraph at lines 3--7
\JY2/mc/m/n/10 の
 []


Overfull \hbox (9.6222pt too wide) in paragraph at lines 3--7
\JY2/mc/m/n/10 と
 []


Overfull \hbox (9.6222pt too wide) in paragraph at lines 3--7
\JY2/mc/m/n/10 す
 []


Overfull \hbox (13.93329pt too wide) in paragraph at lines 3--7
\JY2/mc/m/n/10 る 。
 []


Overfull \hbox (9.6222pt too wide) in paragraph at lines 3--7
\JY2/mc/m/n/10 乾
 []


Overfull \hbox (9.6222pt too wide) in paragraph at lines 3--7
\JY2/mc/m/n/10 燥
 []


Overfull \hbox (9.6222pt too wide) in paragraph at lines 3--7
\JY2/mc/m/n/10 断
 []


Overfull \hbox (9.6222pt too wide) in paragraph at lines 3--7
\JY2/mc/m/n/10 熱
 []


Overfull \hbox (9.6222pt too wide) in paragraph at lines 3--7
\JY2/mc/m/n/10 は
 []


Overfull \hbox (9.6222pt too wide) in paragraph at lines 3--7
\JY2/mc/m/n/10 空
 []


Overfull \hbox (9.6222pt too wide) in paragraph at lines 3--7
\JY2/mc/m/n/10 気
 []


Overfull \hbox (9.6222pt too wide) in paragraph at lines 3--7
\JY2/mc/m/n/10 塊
 []


Overfull \hbox (9.6222pt too wide) in paragraph at lines 3--7
\JY2/mc/m/n/10 が
 []


Overfull \hbox (9.6222pt too wide) in paragraph at lines 3--7
\JY2/mc/m/n/10 上
 []


Overfull \hbox (9.6222pt too wide) in paragraph at lines 3--7
\JY2/mc/m/n/10 昇
 []


Overfull \hbox (9.6222pt too wide) in paragraph at lines 3--7
\JY2/mc/m/n/10 す
 []


Overfull \hbox (9.6222pt too wide) in paragraph at lines 3--7
\JY2/mc/m/n/10 る
 []


Overfull \hbox (9.6222pt too wide) in paragraph at lines 3--7
\JY2/mc/m/n/10 こ
 []


Overfull \hbox (9.6222pt too wide) in paragraph at lines 3--7
\JY2/mc/m/n/10 と
 []


Overfull \hbox (9.6222pt too wide) in paragraph at lines 3--7
\JY2/mc/m/n/10 で
 []


Overfull \hbox (9.6222pt too wide) in paragraph at lines 3--7
\JY2/mc/m/n/10 周
 []


Overfull \hbox (9.6222pt too wide) in paragraph at lines 3--7
\JY2/mc/m/n/10 囲
 []


Overfull \hbox (9.6222pt too wide) in paragraph at lines 3--7
\JY2/mc/m/n/10 の
 []


Overfull \hbox (9.6222pt too wide) in paragraph at lines 3--7
\JY2/mc/m/n/10 気
 []


Overfull \hbox (9.6222pt too wide) in paragraph at lines 3--7
\JY2/mc/m/n/10 圧
 []


Overfull \hbox (9.6222pt too wide) in paragraph at lines 3--7
\JY2/mc/m/n/10 が
 []


Overfull \hbox (9.6222pt too wide) in paragraph at lines 3--7
\JY2/mc/m/n/10 低
 []


Overfull \hbox (9.6222pt too wide) in paragraph at lines 3--7
\JY2/mc/m/n/10 下
 []


Overfull \hbox (9.6222pt too wide) in paragraph at lines 3--7
\JY2/mc/m/n/10 し
 []


Overfull \hbox (9.6222pt too wide) in paragraph at lines 3--7
\JY2/mc/m/n/10 て
 []


Overfull \hbox (9.6222pt too wide) in paragraph at lines 3--7
\JY2/mc/m/n/10 膨
 []


Overfull \hbox (9.6222pt too wide) in paragraph at lines 3--7
\JY2/mc/m/n/10 張
 []


Overfull \hbox (9.6222pt too wide) in paragraph at lines 3--7
\JY2/mc/m/n/10 す
 []


Overfull \hbox (9.6222pt too wide) in paragraph at lines 3--7
\JY2/mc/m/n/10 る
 []


Overfull \hbox (9.6222pt too wide) in paragraph at lines 3--7
\JY2/mc/m/n/10 こ
 []


Overfull \hbox (9.6222pt too wide) in paragraph at lines 3--7
\JY2/mc/m/n/10 と
 []


Overfull \hbox (9.6222pt too wide) in paragraph at lines 3--7
\JY2/mc/m/n/10 に
 []


Overfull \hbox (9.6222pt too wide) in paragraph at lines 3--7
\JY2/mc/m/n/10 よ
 []


Overfull \hbox (9.6222pt too wide) in paragraph at lines 3--7
\JY2/mc/m/n/10 り
 []


Overfull \hbox (9.6222pt too wide) in paragraph at lines 3--7
\JY2/mc/m/n/10 温
 []


Overfull \hbox (9.6222pt too wide) in paragraph at lines 3--7
\JY2/mc/m/n/10 度
 []


Overfull \hbox (9.6222pt too wide) in paragraph at lines 3--7
\JY2/mc/m/n/10 が
 []


Overfull \hbox (9.6222pt too wide) in paragraph at lines 3--7
\JY2/mc/m/n/10 下
 []


Overfull \hbox (9.6222pt too wide) in paragraph at lines 3--7
\JY2/mc/m/n/10 が
 []


Overfull \hbox (9.6222pt too wide) in paragraph at lines 3--7
\JY2/mc/m/n/10 る
 []


Overfull \hbox (9.6222pt too wide) in paragraph at lines 3--7
\JY2/mc/m/n/10 現
 []


Overfull \hbox (9.6222pt too wide) in paragraph at lines 3--7
\JY2/mc/m/n/10 象
 []


Overfull \hbox (9.6222pt too wide) in paragraph at lines 3--7
\JY2/mc/m/n/10 で
 []


Overfull \hbox (9.6222pt too wide) in paragraph at lines 3--7
\JY2/mc/m/n/10 あ
 []


Overfull \hbox (9.6222pt too wide) in paragraph at lines 3--7
\JY2/mc/m/n/10 る
 []


Overfull \hbox (13.93329pt too wide) in paragraph at lines 3--7
\JY2/mc/m/n/10 が 、
 []


Overfull \hbox (9.6222pt too wide) in paragraph at lines 3--7
\JY2/mc/m/n/10 温
 []


Overfull \hbox (9.6222pt too wide) in paragraph at lines 3--7
\JY2/mc/m/n/10 度
 []


Overfull \hbox (9.6222pt too wide) in paragraph at lines 3--7
\JY2/mc/m/n/10 変
 []


Overfull \hbox (9.6222pt too wide) in paragraph at lines 3--7
\JY2/mc/m/n/10 化
 []


Overfull \hbox (9.6222pt too wide) in paragraph at lines 3--7
\JY2/mc/m/n/10 の
 []


Overfull \hbox (9.6222pt too wide) in paragraph at lines 3--7
\JY2/mc/m/n/10 割
 []


Overfull \hbox (9.6222pt too wide) in paragraph at lines 3--7
\JY2/mc/m/n/10 合
 []


Overfull \hbox (9.6222pt too wide) in paragraph at lines 3--7
\JY2/mc/m/n/10 は
 []


Overfull \hbox (23.3334pt too wide) in paragraph at lines 3--7
\OT1/cmr/m/n/10 100m
 []


Overfull \hbox (9.6222pt too wide) in paragraph at lines 3--7
\JY2/mc/m/n/10 の
 []


Overfull \hbox (9.6222pt too wide) in paragraph at lines 3--7
\JY2/mc/m/n/10 上
 []


Overfull \hbox (9.6222pt too wide) in paragraph at lines 3--7
\JY2/mc/m/n/10 昇
 []


Overfull \hbox (9.6222pt too wide) in paragraph at lines 3--7
\JY2/mc/m/n/10 に
 []


Overfull \hbox (9.6222pt too wide) in paragraph at lines 3--7
\JY2/mc/m/n/10 対
 []


Overfull \hbox (9.6222pt too wide) in paragraph at lines 3--7
\JY2/mc/m/n/10 し
 []


Overfull \hbox (9.6222pt too wide) in paragraph at lines 3--7
\JY2/mc/m/n/10 て
 []


Overfull \hbox (5.00002pt too wide) in paragraph at lines 3--7
\OT1/cmr/m/n/10 1
 []


Overfull \hbox (9.6222pt too wide) in paragraph at lines 3--7
\JY2/mc/m/n/10 ℃
 []


Overfull \hbox (9.6222pt too wide) in paragraph at lines 3--7
\JY2/mc/m/n/10 で
 []


Overfull \hbox (9.6222pt too wide) in paragraph at lines 3--7
\JY2/mc/m/n/10 あ
 []


Overfull \hbox (9.6222pt too wide) in paragraph at lines 3--7
\JY2/mc/m/n/10 る
 []


Overfull \hbox (9.6222pt too wide) in paragraph at lines 3--7
\JY2/mc/m/n/10 た
 []


Overfull \hbox (13.93329pt too wide) in paragraph at lines 3--7
\JY2/mc/m/n/10 め 、
 []


Overfull \hbox (9.6222pt too wide) in paragraph at lines 3--7
\JY2/mc/m/n/10 湯
 []


Overfull \hbox (9.6222pt too wide) in paragraph at lines 3--7
\JY2/mc/m/n/10 気
 []


Overfull \hbox (9.6222pt too wide) in paragraph at lines 3--7
\JY2/mc/m/n/10 の
 []


Overfull \hbox (9.6222pt too wide) in paragraph at lines 3--7
\JY2/mc/m/n/10 表
 []


Overfull \hbox (9.6222pt too wide) in paragraph at lines 3--7
\JY2/mc/m/n/10 現
 []


Overfull \hbox (9.6222pt too wide) in paragraph at lines 3--7
\JY2/mc/m/n/10 に
 []


Overfull \hbox (9.6222pt too wide) in paragraph at lines 3--7
\JY2/mc/m/n/10 お
 []


Overfull \hbox (9.6222pt too wide) in paragraph at lines 3--7
\JY2/mc/m/n/10 い
 []


Overfull \hbox (9.6222pt too wide) in paragraph at lines 3--7
\JY2/mc/m/n/10 て
 []


Overfull \hbox (9.6222pt too wide) in paragraph at lines 3--7
\JY2/mc/m/n/10 は
 []


Overfull \hbox (9.6222pt too wide) in paragraph at lines 3--7
\JY2/mc/m/n/10 無
 []


Overfull \hbox (9.6222pt too wide) in paragraph at lines 3--7
\JY2/mc/m/n/10 視
 []


Overfull \hbox (9.6222pt too wide) in paragraph at lines 3--7
\JY2/mc/m/n/10 で
 []


Overfull \hbox (9.6222pt too wide) in paragraph at lines 3--7
\JY2/mc/m/n/10 き
 []


Overfull \hbox (9.6222pt too wide) in paragraph at lines 3--7
\JY2/mc/m/n/10 る
 []


Overfull \hbox (9.6222pt too wide) in paragraph at lines 3--7
\JY2/mc/m/n/10 と
 []


Overfull \hbox (9.6222pt too wide) in paragraph at lines 3--7
\JY2/mc/m/n/10 仮
 []


Overfull \hbox (9.6222pt too wide) in paragraph at lines 3--7
\JY2/mc/m/n/10 定
 []


Overfull \hbox (9.6222pt too wide) in paragraph at lines 3--7
\JY2/mc/m/n/10 す
 []


Overfull \hbox (13.93329pt too wide) in paragraph at lines 3--7
\JY2/mc/m/n/10 る 。 
 []


Underfull \vbox (badness 10000) has occurred while \output is active []



! LaTeX Error: The font size command \normalsize is not defined:
               there is probably something wrong with the class file.

See the LaTeX manual or LaTeX Companion for explanation.
Type  H <return>  for immediate help.
 ...                                              
                                                  
l.7 
    
Your command was ignored.
Type  I <command> <return>  to replace it with another command,
or  <return>  to continue without it.

[1]

! LaTeX Error: Missing \begin{document}.

See the LaTeX manual or LaTeX Companion for explanation.
Type  H <return>  for immediate help.
 ...                                              
                                                  
l.8 湯
       気の速度$\upsilon=(u,v,w)$は非粘性、非圧縮のオイラー...

You're in trouble here.  Try typing  <return>  to proceed.
If that doesn't work, type  X <return>  to quit.

LaTeX Font Info:    External font `cmex10' loaded for size
(Font)              <7> on input line 8.
LaTeX Font Info:    External font `cmex10' loaded for size
(Font)              <5> on input line 8.
! Undefined control sequence.
<write> ...eference `continuity' on page \thepage 
                                                  \space undefined\on@line .^^J
l.8 ...ラーの運動方程式(\ref{continuity}
                                                ,\ref{euler})によって与
The control sequence at the end of the top line
of your error message was never \def'ed. If you have
misspelled it (e.g., `\hobx'), type `I' and the correct
spelling (e.g., `I\hbox'). Otherwise just continue,
and I'll forget about whatever was undefined.


LaTeX Warning: Reference `continuity' on page  undefined on input line 8.

! Undefined control sequence.
<write> ...ng: Reference `euler' on page \thepage 
                                                  \space undefined\on@line .^^J
l.8 ...動方程式(\ref{continuity},\ref{euler}
                                                )によって与えられる
The control sequence at the end of the top line
of your error message was never \def'ed. If you have
misspelled it (e.g., `\hobx'), type `I' and the correct
spelling (e.g., `I\hbox'). Otherwise just continue,
and I'll forget about whatever was undefined.


LaTeX Warning: Reference `euler' on page  undefined on input line 8.


Overfull \hbox (20.0pt too wide) in paragraph at lines 8--10
[]
 []


Overfull \hbox (9.6222pt too wide) in paragraph at lines 8--10
\JY2/mc/m/n/10 湯
 []


Overfull \hbox (9.6222pt too wide) in paragraph at lines 8--10
\JY2/mc/m/n/10 気
 []


Overfull \hbox (9.6222pt too wide) in paragraph at lines 8--10
\JY2/mc/m/n/10 の
 []


Overfull \hbox (9.6222pt too wide) in paragraph at lines 8--10
\JY2/mc/m/n/10 速
 []


Overfull \hbox (9.6222pt too wide) in paragraph at lines 8--10
\JY2/mc/m/n/10 度
 []


Overfull \hbox (16.3171pt too wide) in paragraph at lines 8--10
\OML/cmm/m/it/10 ^^] \OT1/cmr/m/n/10 =
 []


Overfull \hbox (35.02547pt too wide) in paragraph at lines 8--10
\OT1/cmr/m/n/10 (\OML/cmm/m/it/10 u; v; w\OT1/cmr/m/n/10 )$
 []


Overfull \hbox (9.6222pt too wide) in paragraph at lines 8--10
\JY2/mc/m/n/10 は
 []


Overfull \hbox (9.6222pt too wide) in paragraph at lines 8--10
\JY2/mc/m/n/10 非
 []


Overfull \hbox (9.6222pt too wide) in paragraph at lines 8--10
\JY2/mc/m/n/10 粘
 []


Overfull \hbox (13.93329pt too wide) in paragraph at lines 8--10
\JY2/mc/m/n/10 性 、
 []


Overfull \hbox (9.6222pt too wide) in paragraph at lines 8--10
\JY2/mc/m/n/10 非
 []


Overfull \hbox (9.6222pt too wide) in paragraph at lines 8--10
\JY2/mc/m/n/10 圧
 []


Overfull \hbox (9.6222pt too wide) in paragraph at lines 8--10
\JY2/mc/m/n/10 縮
 []


Overfull \hbox (9.6222pt too wide) in paragraph at lines 8--10
\JY2/mc/m/n/10 の
 []


Overfull \hbox (9.6222pt too wide) in paragraph at lines 8--10
\JY2/mc/m/n/10 オ
 []


Overfull \hbox (9.6222pt too wide) in paragraph at lines 8--10
\JY2/mc/m/n/10 イ
 []


Overfull \hbox (18.74438pt too wide) in paragraph at lines 8--10
\JY2/mc/m/n/10 ラ ー
 []


Overfull \hbox (9.6222pt too wide) in paragraph at lines 8--10
\JY2/mc/m/n/10 の
 []


Overfull \hbox (9.6222pt too wide) in paragraph at lines 8--10
\JY2/mc/m/n/10 運
 []


Overfull \hbox (9.6222pt too wide) in paragraph at lines 8--10
\JY2/mc/m/n/10 動
 []


Overfull \hbox (9.6222pt too wide) in paragraph at lines 8--10
\JY2/mc/m/n/10 方
 []


Overfull \hbox (9.6222pt too wide) in paragraph at lines 8--10
\JY2/mc/m/n/10 程
 []


Overfull \hbox (9.6222pt too wide) in paragraph at lines 8--10
\JY2/mc/m/n/10 式
 []


Overfull \hbox (32.2777pt too wide) in paragraph at lines 8--10
\OT1/cmr/m/n/10 ([],[])
 []


Overfull \hbox (9.6222pt too wide) in paragraph at lines 8--10
\JY2/mc/m/n/10 に
 []


Overfull \hbox (9.6222pt too wide) in paragraph at lines 8--10
\JY2/mc/m/n/10 よ
 []


Overfull \hbox (9.6222pt too wide) in paragraph at lines 8--10
\JY2/mc/m/n/10 っ
 []


Overfull \hbox (9.6222pt too wide) in paragraph at lines 8--10
\JY2/mc/m/n/10 て
 []


Overfull \hbox (9.6222pt too wide) in paragraph at lines 8--10
\JY2/mc/m/n/10 与
 []


Overfull \hbox (9.6222pt too wide) in paragraph at lines 8--10
\JY2/mc/m/n/10 え
 []


Overfull \hbox (9.6222pt too wide) in paragraph at lines 8--10
\JY2/mc/m/n/10 ら
 []


Overfull \hbox (9.6222pt too wide) in paragraph at lines 8--10
\JY2/mc/m/n/10 れ
 []


Overfull \hbox (13.93329pt too wide) in paragraph at lines 8--10
\JY2/mc/m/n/10 る 。
 []


Overfull \hbox (9.6222pt too wide) in paragraph at lines 8--10
\JY2/mc/m/n/10 シ
 []


Overfull \hbox (9.6222pt too wide) in paragraph at lines 8--10
\JY2/mc/m/n/10 ミ
 []


Overfull \hbox (9.6222pt too wide) in paragraph at lines 8--10
\JY2/mc/m/n/10 ュ
 []


Overfull \hbox (18.74438pt too wide) in paragraph at lines 8--10
\JY2/mc/m/n/10 レ ー
 []


Overfull \hbox (9.6222pt too wide) in paragraph at lines 8--10
\JY2/mc/m/n/10 シ
 []


Overfull \hbox (9.6222pt too wide) in paragraph at lines 8--10
\JY2/mc/m/n/10 ョ
 []


Overfull \hbox (9.6222pt too wide) in paragraph at lines 8--10
\JY2/mc/m/n/10 ン
 []


Overfull \hbox (9.6222pt too wide) in paragraph at lines 8--10
\JY2/mc/m/n/10 空
 []


Overfull \hbox (9.6222pt too wide) in paragraph at lines 8--10
\JY2/mc/m/n/10 間
 []


Overfull \hbox (9.6222pt too wide) in paragraph at lines 8--10
\JY2/mc/m/n/10 は
 []


Overfull \hbox (20.84724pt too wide) in paragraph at lines 8--10
\OML/cmm/m/it/10 N[] \OMS/cmsy/m/n/10 ^^B
 []


Overfull \hbox (20.61926pt too wide) in paragraph at lines 8--10
\OML/cmm/m/it/10 N[] \OMS/cmsy/m/n/10 ^^B
 []


Overfull \hbox (12.6424pt too wide) in paragraph at lines 8--10
\OML/cmm/m/it/10 N[]$
 []


Overfull \hbox (9.6222pt too wide) in paragraph at lines 8--10
\JY2/mc/m/n/10 の
 []


Overfull \hbox (9.6222pt too wide) in paragraph at lines 8--10
\JY2/mc/m/n/10 格
 []


Overfull \hbox (9.6222pt too wide) in paragraph at lines 8--10
\JY2/mc/m/n/10 子
 []


Overfull \hbox (9.6222pt too wide) in paragraph at lines 8--10
\JY2/mc/m/n/10 に
 []


Overfull \hbox (9.6222pt too wide) in paragraph at lines 8--10
\JY2/mc/m/n/10 分
 []


Overfull \hbox (9.6222pt too wide) in paragraph at lines 8--10
\JY2/mc/m/n/10 割
 []


Overfull \hbox (9.6222pt too wide) in paragraph at lines 8--10
\JY2/mc/m/n/10 し
 []


Overfull \hbox (9.6222pt too wide) in paragraph at lines 8--10
\JY2/mc/m/n/10 各
 []


Overfull \hbox (9.6222pt too wide) in paragraph at lines 8--10
\JY2/mc/m/n/10 格
 []


Overfull \hbox (9.6222pt too wide) in paragraph at lines 8--10
\JY2/mc/m/n/10 子
 []


Overfull \hbox (9.6222pt too wide) in paragraph at lines 8--10
\JY2/mc/m/n/10 点
 []


Overfull \hbox (9.6222pt too wide) in paragraph at lines 8--10
\JY2/mc/m/n/10 に
 []


Overfull \hbox (9.6222pt too wide) in paragraph at lines 8--10
\JY2/mc/m/n/10 水
 []


Overfull \hbox (9.6222pt too wide) in paragraph at lines 8--10
\JY2/mc/m/n/10 蒸
 []


Overfull \hbox (9.6222pt too wide) in paragraph at lines 8--10
\JY2/mc/m/n/10 気
 []


Overfull \hbox (9.6222pt too wide) in paragraph at lines 8--10
\JY2/mc/m/n/10 密
 []


Overfull \hbox (9.6222pt too wide) in paragraph at lines 8--10
\JY2/mc/m/n/10 度
 []


Overfull \hbox (11.9931pt too wide) in paragraph at lines 8--10
\OML/cmm/m/it/10 q[]$\OT1/cmr/m/n/10 ,
 []


Overfull \hbox (9.6222pt too wide) in paragraph at lines 8--10
\JY2/mc/m/n/10 湯
 []


Overfull \hbox (9.6222pt too wide) in paragraph at lines 8--10
\JY2/mc/m/n/10 気
 []


Overfull \hbox (9.6222pt too wide) in paragraph at lines 8--10
\JY2/mc/m/n/10 の
 []


Overfull \hbox (9.6222pt too wide) in paragraph at lines 8--10
\JY2/mc/m/n/10 密
 []


Overfull \hbox (9.6222pt too wide) in paragraph at lines 8--10
\JY2/mc/m/n/10 度
 []


Overfull \hbox (11.31566pt too wide) in paragraph at lines 8--10
\OML/cmm/m/it/10 q[]$\OT1/cmr/m/n/10 ,
 []


Overfull \hbox (9.6222pt too wide) in paragraph at lines 8--10
\JY2/mc/m/n/10 温
 []


Overfull \hbox (9.6222pt too wide) in paragraph at lines 8--10
\JY2/mc/m/n/10 度
 []


Overfull \hbox (7.23265pt too wide) in paragraph at lines 8--10
\OML/cmm/m/it/10 T$
 []


Overfull \hbox (9.6222pt too wide) in paragraph at lines 8--10
\JY2/mc/m/n/10 を
 []


Overfull \hbox (9.6222pt too wide) in paragraph at lines 8--10
\JY2/mc/m/n/10 割
 []


Overfull \hbox (9.6222pt too wide) in paragraph at lines 8--10
\JY2/mc/m/n/10 り
 []


Overfull \hbox (9.6222pt too wide) in paragraph at lines 8--10
\JY2/mc/m/n/10 付
 []


Overfull \hbox (9.6222pt too wide) in paragraph at lines 8--10
\JY2/mc/m/n/10 け
 []


Overfull \hbox (13.93329pt too wide) in paragraph at lines 8--10
\JY2/mc/m/n/10 る 。 
 []


! LaTeX Error: Missing \begin{document}.

See the LaTeX manual or LaTeX Companion for explanation.
Type  H <return>  for immediate help.
 ...                                              
                                                  
l.11 \begin{equation}
                     
You're in trouble here.  Try typing  <return>  to proceed.
If that doesn't work, type  X <return>  to quit.


Overfull \hbox (20.0pt too wide) in paragraph at lines 11--11
[] 
 []


Overfull \hbox (35.20596pt too wide) detected at line 14
[]\OMS/cmsy/m/n/10 r ^^A \OML/cmm/m/it/10 ^^] \OT1/cmr/m/n/10 = 0
 []


Overfull \hbox (116.30637pt too wide) detected at line 18
[][] \OT1/cmr/m/n/10 = \OMS/cmsy/m/n/10 ^^@\OT1/cmr/m/n/10 (\OML/cmm/m/it/10 ^^
] \OMS/cmsy/m/n/10 ^^A r\OT1/cmr/m/n/10 )\OML/cmm/m/it/10 ^^] \OMS/cmsy/m/n/10 
^^@ r\OML/cmm/m/it/10 p \OT1/cmr/m/n/10 + \OML/cmm/m/it/10 B \OT1/cmr/m/n/10 + 
\OML/cmm/m/it/10 f
 []


! LaTeX Error: Missing \begin{document}.

See the LaTeX manual or LaTeX Companion for explanation.
Type  H <return>  for immediate help.
 ...                                              
                                                  
l.20 $
      B$は浮力、$f$は風などによる外力を表す。浮力$B$は...
You're in trouble here.  Try typing  <return>  to proceed.
If that doesn't work, type  X <return>  to quit.

! Undefined control sequence.
<write> ... Reference `buoyancy' on page \thepage 
                                                  \space undefined\on@line .^^J
l.20 ...を表す。浮力$B$は式(\ref{buoyancy}
                                                  )で定義する。
The control sequence at the end of the top line
of your error message was never \def'ed. If you have
misspelled it (e.g., `\hobx'), type `I' and the correct
spelling (e.g., `I\hbox'). Otherwise just continue,
and I'll forget about whatever was undefined.


LaTeX Warning: Reference `buoyancy' on page  undefined on input line 20.


Overfull \hbox (28.0868pt too wide) in paragraph at lines 20--21
[]$\OML/cmm/m/it/10 B$
 []


Overfull \hbox (9.6222pt too wide) in paragraph at lines 20--21
\JY2/mc/m/n/10 は
 []


Overfull \hbox (9.6222pt too wide) in paragraph at lines 20--21
\JY2/mc/m/n/10 浮
 []


Overfull \hbox (13.93329pt too wide) in paragraph at lines 20--21
\JY2/mc/m/n/10 力 、
 []


Overfull \hbox (5.97226pt too wide) in paragraph at lines 20--21
\OML/cmm/m/it/10 f$
 []


Overfull \hbox (9.6222pt too wide) in paragraph at lines 20--21
\JY2/mc/m/n/10 は
 []


Overfull \hbox (9.6222pt too wide) in paragraph at lines 20--21
\JY2/mc/m/n/10 風
 []


Overfull \hbox (9.6222pt too wide) in paragraph at lines 20--21
\JY2/mc/m/n/10 な
 []


Overfull \hbox (9.6222pt too wide) in paragraph at lines 20--21
\JY2/mc/m/n/10 ど
 []


Overfull \hbox (9.6222pt too wide) in paragraph at lines 20--21
\JY2/mc/m/n/10 に
 []


Overfull \hbox (9.6222pt too wide) in paragraph at lines 20--21
\JY2/mc/m/n/10 よ
 []


Overfull \hbox (9.6222pt too wide) in paragraph at lines 20--21
\JY2/mc/m/n/10 る
 []


Overfull \hbox (9.6222pt too wide) in paragraph at lines 20--21
\JY2/mc/m/n/10 外
 []


Overfull \hbox (9.6222pt too wide) in paragraph at lines 20--21
\JY2/mc/m/n/10 力
 []


Overfull \hbox (9.6222pt too wide) in paragraph at lines 20--21
\JY2/mc/m/n/10 を
 []


Overfull \hbox (9.6222pt too wide) in paragraph at lines 20--21
\JY2/mc/m/n/10 表
 []


Overfull \hbox (13.93329pt too wide) in paragraph at lines 20--21
\JY2/mc/m/n/10 す 。
 []


Overfull \hbox (9.6222pt too wide) in paragraph at lines 20--21
\JY2/mc/m/n/10 浮
 []


Overfull \hbox (9.6222pt too wide) in paragraph at lines 20--21
\JY2/mc/m/n/10 力
 []


Overfull \hbox (8.0868pt too wide) in paragraph at lines 20--21
\OML/cmm/m/it/10 B$
 []


Overfull \hbox (9.6222pt too wide) in paragraph at lines 20--21
\JY2/mc/m/n/10 は
 []


Overfull \hbox (9.6222pt too wide) in paragraph at lines 20--21
\JY2/mc/m/n/10 式
 []


Overfull \hbox (18.63885pt too wide) in paragraph at lines 20--21
\OT1/cmr/m/n/10 ([])
 []


Overfull \hbox (9.6222pt too wide) in paragraph at lines 20--21
\JY2/mc/m/n/10 で
 []


Overfull \hbox (9.6222pt too wide) in paragraph at lines 20--21
\JY2/mc/m/n/10 定
 []


Overfull \hbox (9.6222pt too wide) in paragraph at lines 20--21
\JY2/mc/m/n/10 義
 []


Overfull \hbox (9.6222pt too wide) in paragraph at lines 20--21
\JY2/mc/m/n/10 す
 []


Overfull \hbox (13.93329pt too wide) in paragraph at lines 20--21
\JY2/mc/m/n/10 る 。 
 []


Overfull \hbox (105.41643pt too wide) detected at line 24
[]\OML/cmm/m/it/10 B \OT1/cmr/m/n/10 = \OML/cmm/m/it/10 k[][]z \OMS/cmsy/m/n/10
 ^^@ \OML/cmm/m/it/10 gq[]z
 []


Overfull \hbox (9.2227pt too wide) in paragraph at lines 24--26
$\OML/cmm/m/it/10 k[]$
 []


Overfull \hbox (9.6222pt too wide) in paragraph at lines 24--26
\JY2/mc/m/n/10 は
 []


Overfull \hbox (9.6222pt too wide) in paragraph at lines 24--26
\JY2/mc/m/n/10 浮
 []


Overfull \hbox (9.6222pt too wide) in paragraph at lines 24--26
\JY2/mc/m/n/10 力
 []


Overfull \hbox (9.6222pt too wide) in paragraph at lines 24--26
\JY2/mc/m/n/10 の
 []


Overfull \hbox (9.6222pt too wide) in paragraph at lines 24--26
\JY2/mc/m/n/10 係
 []


Overfull \hbox (13.93329pt too wide) in paragraph at lines 24--26
\JY2/mc/m/n/10 数 、
 []


Overfull \hbox (5.12846pt too wide) in paragraph at lines 24--26
\OML/cmm/m/it/10 g$
 []


Overfull \hbox (9.6222pt too wide) in paragraph at lines 24--26
\JY2/mc/m/n/10 は
 []


Overfull \hbox (9.6222pt too wide) in paragraph at lines 24--26
\JY2/mc/m/n/10 重
 []


Overfull \hbox (9.6222pt too wide) in paragraph at lines 24--26
\JY2/mc/m/n/10 力
 []


Overfull \hbox (9.6222pt too wide) in paragraph at lines 24--26
\JY2/mc/m/n/10 の
 []


Overfull \hbox (9.6222pt too wide) in paragraph at lines 24--26
\JY2/mc/m/n/10 係
 []


Overfull \hbox (13.93329pt too wide) in paragraph at lines 24--26
\JY2/mc/m/n/10 数 、
 []


Overfull \hbox (21.29417pt too wide) in paragraph at lines 24--26
\OML/cmm/m/it/10 T[]$
 []


Overfull \hbox (9.6222pt too wide) in paragraph at lines 24--26
\JY2/mc/m/n/10 は
 []


Overfull \hbox (9.6222pt too wide) in paragraph at lines 24--26
\JY2/mc/m/n/10 環
 []


Overfull \hbox (9.6222pt too wide) in paragraph at lines 24--26
\JY2/mc/m/n/10 境
 []


Overfull \hbox (9.6222pt too wide) in paragraph at lines 24--26
\JY2/mc/m/n/10 温
 []


Overfull \hbox (13.93329pt too wide) in paragraph at lines 24--26
\JY2/mc/m/n/10 度 、
 []


Overfull \hbox (8.53787pt too wide) in paragraph at lines 24--26
\OML/cmm/m/it/10 q[]$
 []


Overfull \hbox (9.6222pt too wide) in paragraph at lines 24--26
\JY2/mc/m/n/10 は
 []


Overfull \hbox (9.6222pt too wide) in paragraph at lines 24--26
\JY2/mc/m/n/10 湯
 []


Overfull \hbox (9.6222pt too wide) in paragraph at lines 24--26
\JY2/mc/m/n/10 気
 []


Overfull \hbox (9.6222pt too wide) in paragraph at lines 24--26
\JY2/mc/m/n/10 の
 []


Overfull \hbox (9.6222pt too wide) in paragraph at lines 24--26
\JY2/mc/m/n/10 濃
 []


Overfull \hbox (13.93329pt too wide) in paragraph at lines 24--26
\JY2/mc/m/n/10 度 、
 []


Overfull \hbox (5.0903pt too wide) in paragraph at lines 24--26
\OML/cmm/m/it/10 z$
 []


Overfull \hbox (9.6222pt too wide) in paragraph at lines 24--26
\JY2/mc/m/n/10 は
 []


Overfull \hbox (9.6222pt too wide) in paragraph at lines 24--26
\JY2/mc/m/n/10 上
 []


Overfull \hbox (9.6222pt too wide) in paragraph at lines 24--26
\JY2/mc/m/n/10 方
 []


Overfull \hbox (9.6222pt too wide) in paragraph at lines 24--26
\JY2/mc/m/n/10 向
 []


Overfull \hbox (9.6222pt too wide) in paragraph at lines 24--26
\JY2/mc/m/n/10 の
 []


Overfull \hbox (9.6222pt too wide) in paragraph at lines 24--26
\JY2/mc/m/n/10 ベ
 []


Overfull \hbox (9.6222pt too wide) in paragraph at lines 24--26
\JY2/mc/m/n/10 ク
 []


Overfull \hbox (9.6222pt too wide) in paragraph at lines 24--26
\JY2/mc/m/n/10 ト
 []


Overfull \hbox (9.6222pt too wide) in paragraph at lines 24--26
\JY2/mc/m/n/10 ル
 []


Overfull \hbox (9.6222pt too wide) in paragraph at lines 24--26
\JY2/mc/m/n/10 で
 []


Overfull \hbox (9.6222pt too wide) in paragraph at lines 24--26
\JY2/mc/m/n/10 あ
 []


Overfull \hbox (13.93329pt too wide) in paragraph at lines 24--26
\JY2/mc/m/n/10 る 。 
 []


! LaTeX Error: Missing \begin{document}.

See the LaTeX manual or LaTeX Companion for explanation.
Type  H <return>  for immediate help.
 ...                                              
                                                  
l.27 相
        転移を考慮した湯気の密度$q_{c}$と水蒸気$q_{v}$の量...

You're in trouble here.  Try typing  <return>  to proceed.
If that doesn't work, type  X <return>  to quit.


Overfull \hbox (20.0pt too wide) in paragraph at lines 27--28
[]
 []


Overfull \hbox (9.6222pt too wide) in paragraph at lines 27--28
\JY2/mc/m/n/10 相
 []


Overfull \hbox (9.6222pt too wide) in paragraph at lines 27--28
\JY2/mc/m/n/10 転
 []


Overfull \hbox (9.6222pt too wide) in paragraph at lines 27--28
\JY2/mc/m/n/10 移
 []


Overfull \hbox (9.6222pt too wide) in paragraph at lines 27--28
\JY2/mc/m/n/10 を
 []


Overfull \hbox (9.6222pt too wide) in paragraph at lines 27--28
\JY2/mc/m/n/10 考
 []


Overfull \hbox (9.6222pt too wide) in paragraph at lines 27--28
\JY2/mc/m/n/10 慮
 []


Overfull \hbox (9.6222pt too wide) in paragraph at lines 27--28
\JY2/mc/m/n/10 し
 []


Overfull \hbox (9.6222pt too wide) in paragraph at lines 27--28
\JY2/mc/m/n/10 た
 []


Overfull \hbox (9.6222pt too wide) in paragraph at lines 27--28
\JY2/mc/m/n/10 湯
 []


Overfull \hbox (9.6222pt too wide) in paragraph at lines 27--28
\JY2/mc/m/n/10 気
 []


Overfull \hbox (9.6222pt too wide) in paragraph at lines 27--28
\JY2/mc/m/n/10 の
 []


Overfull \hbox (9.6222pt too wide) in paragraph at lines 27--28
\JY2/mc/m/n/10 密
 []


Overfull \hbox (9.6222pt too wide) in paragraph at lines 27--28
\JY2/mc/m/n/10 度
 []


Overfull \hbox (8.53787pt too wide) in paragraph at lines 27--28
\OML/cmm/m/it/10 q[]$
 []


Overfull \hbox (9.6222pt too wide) in paragraph at lines 27--28
\JY2/mc/m/n/10 と
 []


Overfull \hbox (9.6222pt too wide) in paragraph at lines 27--28
\JY2/mc/m/n/10 水
 []


Overfull \hbox (9.6222pt too wide) in paragraph at lines 27--28
\JY2/mc/m/n/10 蒸
 []


Overfull \hbox (9.6222pt too wide) in paragraph at lines 27--28
\JY2/mc/m/n/10 気
 []


Overfull \hbox (9.21532pt too wide) in paragraph at lines 27--28
\OML/cmm/m/it/10 q[]$
 []


Overfull \hbox (9.6222pt too wide) in paragraph at lines 27--28
\JY2/mc/m/n/10 の
 []


Overfull \hbox (9.6222pt too wide) in paragraph at lines 27--28
\JY2/mc/m/n/10 量
 []


Overfull \hbox (9.6222pt too wide) in paragraph at lines 27--28
\JY2/mc/m/n/10 は
 []


Overfull \hbox (9.6222pt too wide) in paragraph at lines 27--28
\JY2/mc/m/n/10 次
 []


Overfull \hbox (9.6222pt too wide) in paragraph at lines 27--28
\JY2/mc/m/n/10 式
 []


Overfull \hbox (9.6222pt too wide) in paragraph at lines 27--28
\JY2/mc/m/n/10 で
 []


Overfull \hbox (9.6222pt too wide) in paragraph at lines 27--28
\JY2/mc/m/n/10 定
 []


Overfull \hbox (9.6222pt too wide) in paragraph at lines 27--28
\JY2/mc/m/n/10 義
 []


Overfull \hbox (9.6222pt too wide) in paragraph at lines 27--28
\JY2/mc/m/n/10 す
 []


Overfull \hbox (13.93329pt too wide) in paragraph at lines 27--28
\JY2/mc/m/n/10 る 。 
 []


Overfull \hbox (90.10063pt too wide) detected at line 31
[][] \OT1/cmr/m/n/10 = \OMS/cmsy/m/n/10 ^^@\OT1/cmr/m/n/10 (\OML/cmm/m/it/10 ^^
] \OMS/cmsy/m/n/10 ^^A r\OT1/cmr/m/n/10 )\OML/cmm/m/it/10 q[] \OT1/cmr/m/n/10 +
 \OML/cmm/m/it/10 C[]
 []


Overfull \hbox (110.11646pt too wide) detected at line 35
[][] \OT1/cmr/m/n/10 = \OMS/cmsy/m/n/10 ^^@\OT1/cmr/m/n/10 (\OML/cmm/m/it/10 ^^
] \OMS/cmsy/m/n/10 ^^A r\OT1/cmr/m/n/10 )\OML/cmm/m/it/10 q[] \OMS/cmsy/m/n/10 
^^@ \OML/cmm/m/it/10 C[] \OT1/cmr/m/n/10 + \OML/cmm/m/it/10 S[]
 []


Overfull \hbox (11.22096pt too wide) in paragraph at lines 35--37
$\OML/cmm/m/it/10 C[]$
 []


Overfull \hbox (9.6222pt too wide) in paragraph at lines 35--37
\JY2/mc/m/n/10 は
 []


Overfull \hbox (9.6222pt too wide) in paragraph at lines 35--37
\JY2/mc/m/n/10 相
 []


Overfull \hbox (9.6222pt too wide) in paragraph at lines 35--37
\JY2/mc/m/n/10 転
 []


Overfull \hbox (9.6222pt too wide) in paragraph at lines 35--37
\JY2/mc/m/n/10 移
 []


Overfull \hbox (9.6222pt too wide) in paragraph at lines 35--37
\JY2/mc/m/n/10 に
 []


Overfull \hbox (9.6222pt too wide) in paragraph at lines 35--37
\JY2/mc/m/n/10 よ
 []


Overfull \hbox (9.6222pt too wide) in paragraph at lines 35--37
\JY2/mc/m/n/10 っ
 []


Overfull \hbox (9.6222pt too wide) in paragraph at lines 35--37
\JY2/mc/m/n/10 て
 []


Overfull \hbox (9.6222pt too wide) in paragraph at lines 35--37
\JY2/mc/m/n/10 発
 []


Overfull \hbox (9.6222pt too wide) in paragraph at lines 35--37
\JY2/mc/m/n/10 生
 []


Overfull \hbox (9.6222pt too wide) in paragraph at lines 35--37
\JY2/mc/m/n/10 す
 []


Overfull \hbox (9.6222pt too wide) in paragraph at lines 35--37
\JY2/mc/m/n/10 る
 []


Overfull \hbox (9.6222pt too wide) in paragraph at lines 35--37
\JY2/mc/m/n/10 湯
 []


Overfull \hbox (9.6222pt too wide) in paragraph at lines 35--37
\JY2/mc/m/n/10 気
 []


Overfull \hbox (9.6222pt too wide) in paragraph at lines 35--37
\JY2/mc/m/n/10 の
 []


Overfull \hbox (13.93329pt too wide) in paragraph at lines 35--37
\JY2/mc/m/n/10 量 、
 []


Overfull \hbox (10.88313pt too wide) in paragraph at lines 35--37
\OML/cmm/m/it/10 S[]$
 []


Overfull \hbox (9.6222pt too wide) in paragraph at lines 35--37
\JY2/mc/m/n/10 は
 []


Overfull \hbox (9.6222pt too wide) in paragraph at lines 35--37
\JY2/mc/m/n/10 水
 []


Overfull \hbox (9.6222pt too wide) in paragraph at lines 35--37
\JY2/mc/m/n/10 蒸
 []


Overfull \hbox (9.6222pt too wide) in paragraph at lines 35--37
\JY2/mc/m/n/10 気
 []


Overfull \hbox (9.6222pt too wide) in paragraph at lines 35--37
\JY2/mc/m/n/10 源
 []


Overfull \hbox (9.6222pt too wide) in paragraph at lines 35--37
\JY2/mc/m/n/10 か
 []


Overfull \hbox (9.6222pt too wide) in paragraph at lines 35--37
\JY2/mc/m/n/10 ら
 []


Overfull \hbox (9.6222pt too wide) in paragraph at lines 35--37
\JY2/mc/m/n/10 水
 []


Overfull \hbox (9.6222pt too wide) in paragraph at lines 35--37
\JY2/mc/m/n/10 蒸
 []


Overfull \hbox (9.6222pt too wide) in paragraph at lines 35--37
\JY2/mc/m/n/10 気
 []


Overfull \hbox (9.6222pt too wide) in paragraph at lines 35--37
\JY2/mc/m/n/10 の
 []


Overfull \hbox (9.6222pt too wide) in paragraph at lines 35--37
\JY2/mc/m/n/10 供
 []


Overfull \hbox (9.6222pt too wide) in paragraph at lines 35--37
\JY2/mc/m/n/10 給
 []


Overfull \hbox (13.93329pt too wide) in paragraph at lines 35--37
\JY2/mc/m/n/10 量 、
 []


Overfull \hbox (6.43404pt too wide) in paragraph at lines 35--37
\OML/cmm/m/it/10 ^^K$
 []


Overfull \hbox (9.6222pt too wide) in paragraph at lines 35--37
\JY2/mc/m/n/10 は
 []


Overfull \hbox (9.6222pt too wide) in paragraph at lines 35--37
\JY2/mc/m/n/10 相
 []


Overfull \hbox (9.6222pt too wide) in paragraph at lines 35--37
\JY2/mc/m/n/10 転
 []


Overfull \hbox (9.6222pt too wide) in paragraph at lines 35--37
\JY2/mc/m/n/10 移
 []


Overfull \hbox (9.6222pt too wide) in paragraph at lines 35--37
\JY2/mc/m/n/10 率
 []


Overfull \hbox (9.6222pt too wide) in paragraph at lines 35--37
\JY2/mc/m/n/10 で
 []


Overfull \hbox (9.6222pt too wide) in paragraph at lines 35--37
\JY2/mc/m/n/10 あ
 []


Overfull \hbox (13.93329pt too wide) in paragraph at lines 35--37
\JY2/mc/m/n/10 る 。 
 []


Overfull \hbox (64.49759pt too wide) detected at line 40
[]\OML/cmm/m/it/10 C[] \OT1/cmr/m/n/10 = \OML/cmm/m/it/10 ^^K\OT1/cmr/m/n/10 (\
OML/cmm/m/it/10 q[] \OMS/cmsy/m/n/10 ^^@ \OML/cmm/m/it/10 q[]\OT1/cmr/m/n/10 )
 []


Overfull \hbox (8.73845pt too wide) in paragraph at lines 40--42
$\OML/cmm/m/it/10 q[]$
 []


Overfull \hbox (9.6222pt too wide) in paragraph at lines 40--42
\JY2/mc/m/n/10 は
 []


Overfull \hbox (9.6222pt too wide) in paragraph at lines 40--42
\JY2/mc/m/n/10 飽
 []


Overfull \hbox (9.6222pt too wide) in paragraph at lines 40--42
\JY2/mc/m/n/10 和
 []


Overfull \hbox (9.6222pt too wide) in paragraph at lines 40--42
\JY2/mc/m/n/10 水
 []


Overfull \hbox (9.6222pt too wide) in paragraph at lines 40--42
\JY2/mc/m/n/10 蒸
 []


Overfull \hbox (9.6222pt too wide) in paragraph at lines 40--42
\JY2/mc/m/n/10 気
 []


Overfull \hbox (9.6222pt too wide) in paragraph at lines 40--42
\JY2/mc/m/n/10 密
 []


Overfull \hbox (9.6222pt too wide) in paragraph at lines 40--42
\JY2/mc/m/n/10 度
 []


Overfull \hbox (9.6222pt too wide) in paragraph at lines 40--42
\JY2/mc/m/n/10 を
 []


Overfull \hbox (9.6222pt too wide) in paragraph at lines 40--42
\JY2/mc/m/n/10 表
 []


Overfull \hbox (13.93329pt too wide) in paragraph at lines 40--42
\JY2/mc/m/n/10 し 、
 []


Overfull \hbox (9.6222pt too wide) in paragraph at lines 40--42
\JY2/mc/m/n/10 次
 []


Overfull \hbox (9.6222pt too wide) in paragraph at lines 40--42
\JY2/mc/m/n/10 式
 []


Overfull \hbox (9.6222pt too wide) in paragraph at lines 40--42
\JY2/mc/m/n/10 で
 []


Overfull \hbox (9.6222pt too wide) in paragraph at lines 40--42
\JY2/mc/m/n/10 与
 []


Overfull \hbox (9.6222pt too wide) in paragraph at lines 40--42
\JY2/mc/m/n/10 え
 []


Overfull \hbox (9.6222pt too wide) in paragraph at lines 40--42
\JY2/mc/m/n/10 ら
 []


Overfull \hbox (9.6222pt too wide) in paragraph at lines 40--42
\JY2/mc/m/n/10 れ
 []


Overfull \hbox (13.93329pt too wide) in paragraph at lines 40--42
\JY2/mc/m/n/10 る 。 
 []


Overfull \hbox (161.76431pt too wide) detected at line 45
[]\OML/cmm/m/it/10 q[] \OT1/cmr/m/n/10 = [] []
 []


Overfull \hbox (9.6222pt too wide) in paragraph at lines 45--48
\JY2/mc/m/n/10 こ
 []


Overfull \hbox (9.6222pt too wide) in paragraph at lines 45--48
\JY2/mc/m/n/10 こ
 []


Overfull \hbox (9.6222pt too wide) in paragraph at lines 45--48
\JY2/mc/m/n/10 で
 []


Overfull \hbox (32.33813pt too wide) in paragraph at lines 45--48
\OML/cmm/m/it/10 A; B; C$
 []


Overfull \hbox (9.6222pt too wide) in paragraph at lines 45--48
\JY2/mc/m/n/10 は
 []


Overfull \hbox (9.6222pt too wide) in paragraph at lines 45--48
\JY2/mc/m/n/10 飽
 []


Overfull \hbox (9.6222pt too wide) in paragraph at lines 45--48
\JY2/mc/m/n/10 和
 []


Overfull \hbox (9.6222pt too wide) in paragraph at lines 45--48
\JY2/mc/m/n/10 水
 []


Overfull \hbox (9.6222pt too wide) in paragraph at lines 45--48
\JY2/mc/m/n/10 蒸
 []


Overfull \hbox (9.6222pt too wide) in paragraph at lines 45--48
\JY2/mc/m/n/10 気
 []


Overfull \hbox (9.6222pt too wide) in paragraph at lines 45--48
\JY2/mc/m/n/10 密
 []


Overfull \hbox (9.6222pt too wide) in paragraph at lines 45--48
\JY2/mc/m/n/10 度
 []


Overfull \hbox (9.6222pt too wide) in paragraph at lines 45--48
\JY2/mc/m/n/10 を
 []


Overfull \hbox (9.6222pt too wide) in paragraph at lines 45--48
\JY2/mc/m/n/10 決
 []


Overfull \hbox (9.6222pt too wide) in paragraph at lines 45--48
\JY2/mc/m/n/10 定
 []


Overfull \hbox (9.6222pt too wide) in paragraph at lines 45--48
\JY2/mc/m/n/10 す
 []


Overfull \hbox (9.6222pt too wide) in paragraph at lines 45--48
\JY2/mc/m/n/10 る
 []


Overfull \hbox (9.6222pt too wide) in paragraph at lines 45--48
\JY2/mc/m/n/10 た
 []


Overfull \hbox (9.6222pt too wide) in paragraph at lines 45--48
\JY2/mc/m/n/10 め
 []


Overfull \hbox (9.6222pt too wide) in paragraph at lines 45--48
\JY2/mc/m/n/10 の
 []


Overfull \hbox (9.6222pt too wide) in paragraph at lines 45--48
\JY2/mc/m/n/10 パ
 []


Overfull \hbox (9.6222pt too wide) in paragraph at lines 45--48
\JY2/mc/m/n/10 ラ
 []


Overfull \hbox (18.74438pt too wide) in paragraph at lines 45--48
\JY2/mc/m/n/10 メ ー
 []


Overfull \hbox (9.6222pt too wide) in paragraph at lines 45--48
\JY2/mc/m/n/10 タ
 []


Overfull \hbox (9.6222pt too wide) in paragraph at lines 45--48
\JY2/mc/m/n/10 で
 []


Overfull \hbox (9.6222pt too wide) in paragraph at lines 45--48
\JY2/mc/m/n/10 あ
 []


Overfull \hbox (13.93329pt too wide) in paragraph at lines 45--48
\JY2/mc/m/n/10 る 。
 []


Overfull \hbox (9.6222pt too wide) in paragraph at lines 45--48
\JY2/mc/m/n/10 温
 []


Overfull \hbox (9.6222pt too wide) in paragraph at lines 45--48
\JY2/mc/m/n/10 度
 []


Overfull \hbox (7.23265pt too wide) in paragraph at lines 45--48
\OML/cmm/m/it/10 T$
 []


Overfull \hbox (9.6222pt too wide) in paragraph at lines 45--48
\JY2/mc/m/n/10 は
 []


Overfull \hbox (9.6222pt too wide) in paragraph at lines 45--48
\JY2/mc/m/n/10 以
 []


Overfull \hbox (9.6222pt too wide) in paragraph at lines 45--48
\JY2/mc/m/n/10 下
 []


Overfull \hbox (9.6222pt too wide) in paragraph at lines 45--48
\JY2/mc/m/n/10 の
 []


Overfull \hbox (9.6222pt too wide) in paragraph at lines 45--48
\JY2/mc/m/n/10 よ
 []


Overfull \hbox (9.6222pt too wide) in paragraph at lines 45--48
\JY2/mc/m/n/10 う
 []


Overfull \hbox (9.6222pt too wide) in paragraph at lines 45--48
\JY2/mc/m/n/10 に
 []


Overfull \hbox (9.6222pt too wide) in paragraph at lines 45--48
\JY2/mc/m/n/10 表
 []


Overfull \hbox (9.6222pt too wide) in paragraph at lines 45--48
\JY2/mc/m/n/10 さ
 []


Overfull \hbox (9.6222pt too wide) in paragraph at lines 45--48
\JY2/mc/m/n/10 れ
 []


Overfull \hbox (13.93329pt too wide) in paragraph at lines 45--48
\JY2/mc/m/n/10 る 。 
 []


Overfull \hbox (115.60513pt too wide) detected at line 51
[][] \OT1/cmr/m/n/10 = \OMS/cmsy/m/n/10 ^^@\OT1/cmr/m/n/10 (\OML/cmm/m/it/10 ^^
] \OMS/cmsy/m/n/10 ^^A r\OT1/cmr/m/n/10 )\OML/cmm/m/it/10 T \OT1/cmr/m/n/10 + \
OML/cmm/m/it/10 QC[] \OT1/cmr/m/n/10 + \OML/cmm/m/it/10 S[]
 []

\citation{Perlin1985}
! Undefined control sequence.
<write> ...: Citation `\@citeb ' on page \thepage 
                                                  \space undefined\on@line .^^J
l.54 ...はパーリンノイズ\cite{Perlin1985}
                                                 \cite{Perlin2002}を用いる
The control sequence at the end of the top line
of your error message was never \def'ed. If you have
misspelled it (e.g., `\hobx'), type `I' and the correct
spelling (e.g., `I\hbox'). Otherwise just continue,
and I'll forget about whatever was undefined.


LaTeX Warning: Citation `Perlin1985' on page  undefined on input line 54.

\citation{Perlin2002}
! Undefined control sequence.
<write> ...: Citation `\@citeb ' on page \thepage 
                                                  \space undefined\on@line .^^J
l.54 ...イズ\cite{Perlin1985}\cite{Perlin2002}
                                                を用いる。
The control sequence at the end of the top line
of your error message was never \def'ed. If you have
misspelled it (e.g., `\hobx'), type `I' and the correct
spelling (e.g., `I\hbox'). Otherwise just continue,
and I'll forget about whatever was undefined.


LaTeX Warning: Citation `Perlin2002' on page  undefined on input line 54.


! LaTeX Error: Environment figure undefined.

See the LaTeX manual or LaTeX Companion for explanation.
Type  H <return>  for immediate help.
 ...                                              
                                                  
l.55 \begin{figure}
                   
Your command was ignored.
Type  I <command> <return>  to replace it with another command,
or  <return>  to continue without it.


Overfull \hbox (9.6222pt too wide) in paragraph at lines 51--56
\JY2/mc/m/n/10 こ
 []


Overfull \hbox (9.6222pt too wide) in paragraph at lines 51--56
\JY2/mc/m/n/10 こ
 []


Overfull \hbox (9.6222pt too wide) in paragraph at lines 51--56
\JY2/mc/m/n/10 で
 []


Overfull \hbox (7.90555pt too wide) in paragraph at lines 51--56
\OML/cmm/m/it/10 Q$
 []


Overfull \hbox (9.6222pt too wide) in paragraph at lines 51--56
\JY2/mc/m/n/10 は
 []


Overfull \hbox (9.6222pt too wide) in paragraph at lines 51--56
\JY2/mc/m/n/10 潜
 []


Overfull \hbox (9.6222pt too wide) in paragraph at lines 51--56
\JY2/mc/m/n/10 熱
 []


Overfull \hbox (9.6222pt too wide) in paragraph at lines 51--56
\JY2/mc/m/n/10 係
 []


Overfull \hbox (13.93329pt too wide) in paragraph at lines 51--56
\JY2/mc/m/n/10 数 、
 []


Overfull \hbox (12.4316pt too wide) in paragraph at lines 51--56
\OML/cmm/m/it/10 S[]$
 []


Overfull \hbox (9.6222pt too wide) in paragraph at lines 51--56
\JY2/mc/m/n/10 は
 []


Overfull \hbox (9.6222pt too wide) in paragraph at lines 51--56
\JY2/mc/m/n/10 熱
 []


Overfull \hbox (9.6222pt too wide) in paragraph at lines 51--56
\JY2/mc/m/n/10 源
 []


Overfull \hbox (9.6222pt too wide) in paragraph at lines 51--56
\JY2/mc/m/n/10 か
 []


Overfull \hbox (9.6222pt too wide) in paragraph at lines 51--56
\JY2/mc/m/n/10 ら
 []


Overfull \hbox (9.6222pt too wide) in paragraph at lines 51--56
\JY2/mc/m/n/10 の
 []


Overfull \hbox (9.6222pt too wide) in paragraph at lines 51--56
\JY2/mc/m/n/10 熱
 []


Overfull \hbox (9.6222pt too wide) in paragraph at lines 51--56
\JY2/mc/m/n/10 量
 []


Overfull \hbox (9.6222pt too wide) in paragraph at lines 51--56
\JY2/mc/m/n/10 を
 []


Overfull \hbox (9.6222pt too wide) in paragraph at lines 51--56
\JY2/mc/m/n/10 表
 []


Overfull \hbox (13.93329pt too wide) in paragraph at lines 51--56
\JY2/mc/m/n/10 す 。
 []


Overfull \hbox (9.6222pt too wide) in paragraph at lines 51--56
\JY2/mc/m/n/10 水
 []


Overfull \hbox (9.6222pt too wide) in paragraph at lines 51--56
\JY2/mc/m/n/10 蒸
 []


Overfull \hbox (9.6222pt too wide) in paragraph at lines 51--56
\JY2/mc/m/n/10 気
 []


Overfull \hbox (9.6222pt too wide) in paragraph at lines 51--56
\JY2/mc/m/n/10 源
 []


Overfull \hbox (9.6222pt too wide) in paragraph at lines 51--56
\JY2/mc/m/n/10 と
 []


Overfull \hbox (9.6222pt too wide) in paragraph at lines 51--56
\JY2/mc/m/n/10 熱
 []


Overfull \hbox (9.6222pt too wide) in paragraph at lines 51--56
\JY2/mc/m/n/10 源
 []


Overfull \hbox (9.6222pt too wide) in paragraph at lines 51--56
\JY2/mc/m/n/10 は
 []


Overfull \hbox (9.6222pt too wide) in paragraph at lines 51--56
\JY2/mc/m/n/10 空
 []


Overfull \hbox (9.6222pt too wide) in paragraph at lines 51--56
\JY2/mc/m/n/10 間
 []


Overfull \hbox (9.6222pt too wide) in paragraph at lines 51--56
\JY2/mc/m/n/10 の
 []


Overfull \hbox (9.6222pt too wide) in paragraph at lines 51--56
\JY2/mc/m/n/10 底
 []


Overfull \hbox (9.6222pt too wide) in paragraph at lines 51--56
\JY2/mc/m/n/10 面
 []


Overfull \hbox (9.6222pt too wide) in paragraph at lines 51--56
\JY2/mc/m/n/10 か
 []


Overfull \hbox (9.6222pt too wide) in paragraph at lines 51--56
\JY2/mc/m/n/10 ら
 []


Overfull \hbox (9.6222pt too wide) in paragraph at lines 51--56
\JY2/mc/m/n/10 発
 []


Overfull \hbox (9.6222pt too wide) in paragraph at lines 51--56
\JY2/mc/m/n/10 生
 []


Overfull \hbox (9.6222pt too wide) in paragraph at lines 51--56
\JY2/mc/m/n/10 す
 []


Overfull \hbox (13.93329pt too wide) in paragraph at lines 51--56
\JY2/mc/m/n/10 る 。
 []


Overfull \hbox (9.6222pt too wide) in paragraph at lines 51--56
\JY2/mc/m/n/10 底
 []


Overfull \hbox (9.6222pt too wide) in paragraph at lines 51--56
\JY2/mc/m/n/10 面
 []


Overfull \hbox (9.6222pt too wide) in paragraph at lines 51--56
\JY2/mc/m/n/10 上
 []


Overfull \hbox (9.6222pt too wide) in paragraph at lines 51--56
\JY2/mc/m/n/10 の
 []


Overfull \hbox (9.6222pt too wide) in paragraph at lines 51--56
\JY2/mc/m/n/10 水
 []


Overfull \hbox (9.6222pt too wide) in paragraph at lines 51--56
\JY2/mc/m/n/10 蒸
 []


Overfull \hbox (9.6222pt too wide) in paragraph at lines 51--56
\JY2/mc/m/n/10 気
 []


Overfull \hbox (9.6222pt too wide) in paragraph at lines 51--56
\JY2/mc/m/n/10 と
 []


Overfull \hbox (9.6222pt too wide) in paragraph at lines 51--56
\JY2/mc/m/n/10 熱
 []


Overfull \hbox (9.6222pt too wide) in paragraph at lines 51--56
\JY2/mc/m/n/10 の
 []


Overfull \hbox (9.6222pt too wide) in paragraph at lines 51--56
\JY2/mc/m/n/10 発
 []


Overfull \hbox (9.6222pt too wide) in paragraph at lines 51--56
\JY2/mc/m/n/10 生
 []


Overfull \hbox (9.6222pt too wide) in paragraph at lines 51--56
\JY2/mc/m/n/10 量
 []


Overfull \hbox (9.6222pt too wide) in paragraph at lines 51--56
\JY2/mc/m/n/10 の
 []


Overfull \hbox (9.6222pt too wide) in paragraph at lines 51--56
\JY2/mc/m/n/10 分
 []


Overfull \hbox (9.6222pt too wide) in paragraph at lines 51--56
\JY2/mc/m/n/10 布
 []


Overfull \hbox (9.6222pt too wide) in paragraph at lines 51--56
\JY2/mc/m/n/10 は
 []


Overfull \hbox (18.74438pt too wide) in paragraph at lines 51--56
\JY2/mc/m/n/10 パ ー
 []


Overfull \hbox (9.6222pt too wide) in paragraph at lines 51--56
\JY2/mc/m/n/10 リ
 []


Overfull \hbox (9.6222pt too wide) in paragraph at lines 51--56
\JY2/mc/m/n/10 ン
 []


Overfull \hbox (9.6222pt too wide) in paragraph at lines 51--56
\JY2/mc/m/n/10 ノ
 []


Overfull \hbox (9.6222pt too wide) in paragraph at lines 51--56
\JY2/mc/m/n/10 イ
 []


Overfull \hbox (9.6222pt too wide) in paragraph at lines 51--56
\JY2/mc/m/n/10 ズ
 []


Overfull \hbox (21.9722pt too wide) in paragraph at lines 51--56
\OT1/cmr/m/n/10 [[]][[]]
 []


Overfull \hbox (9.6222pt too wide) in paragraph at lines 51--56
\JY2/mc/m/n/10 を
 []


Overfull \hbox (9.6222pt too wide) in paragraph at lines 51--56
\JY2/mc/m/n/10 用
 []


Overfull \hbox (9.6222pt too wide) in paragraph at lines 51--56
\JY2/mc/m/n/10 い
 []


Overfull \hbox (13.93329pt too wide) in paragraph at lines 51--56
\JY2/mc/m/n/10 る 。 
 []

! Undefined control sequence.
l.57 ^^I^^I\includegraphics
                           [width=100mm]{simulation.png}
The control sequence at the end of the top line
of your error message was never \def'ed. If you have
misspelled it (e.g., `\hobx'), type `I' and the correct
spelling (e.g., `I\hbox'). Otherwise just continue,
and I'll forget about whatever was undefined.


! LaTeX Error: \caption outside float.

See the LaTeX manual or LaTeX Companion for explanation.
Type  H <return>  for immediate help.
 ...                                              
                                                  
l.58 ^^I^^I\caption
                   {湯気のシミュレーション空間}
You're in trouble here.  Try typing  <return>  to proceed.
If that doesn't work, type  X <return>  to quit.


Overfull \hbox (134.2226pt too wide) in paragraph at lines 57--60
 \OT1/cmr/m/n/10 [width=100mm]simulation.png 
 []


Overfull \hbox (9.6222pt too wide) in paragraph at lines 57--60
 \JY2/mc/m/n/10 湯 
 []


Overfull \hbox (9.6222pt too wide) in paragraph at lines 57--60
 \JY2/mc/m/n/10 気 
 []


Overfull \hbox (9.6222pt too wide) in paragraph at lines 57--60
 \JY2/mc/m/n/10 の 
 []


Overfull \hbox (9.6222pt too wide) in paragraph at lines 57--60
 \JY2/mc/m/n/10 シ 
 []


Overfull \hbox (9.6222pt too wide) in paragraph at lines 57--60
 \JY2/mc/m/n/10 ミ 
 []


Overfull \hbox (9.6222pt too wide) in paragraph at lines 57--60
 \JY2/mc/m/n/10 ュ 
 []


Overfull \hbox (18.74438pt too wide) in paragraph at lines 57--60
 \JY2/mc/m/n/10 レ ー 
 []


Overfull \hbox (9.6222pt too wide) in paragraph at lines 57--60
 \JY2/mc/m/n/10 シ 
 []


Overfull \hbox (9.6222pt too wide) in paragraph at lines 57--60
 \JY2/mc/m/n/10 ョ 
 []


Overfull \hbox (9.6222pt too wide) in paragraph at lines 57--60
 \JY2/mc/m/n/10 ン 
 []


Overfull \hbox (9.6222pt too wide) in paragraph at lines 57--60
 \JY2/mc/m/n/10 空 
 []


Overfull \hbox (9.6222pt too wide) in paragraph at lines 57--60
 \JY2/mc/m/n/10 間[] 
 []


! LaTeX Error: \begin{document} ended by \end{figure}.

See the LaTeX manual or LaTeX Companion for explanation.
Type  H <return>  for immediate help.
 ...                                              
                                                  
l.61 \end{figure}
                 
Your command was ignored.
Type  I <command> <return>  to replace it with another command,
or  <return>  to continue without it.

)
! Emergency stop.
<*> Steam.tex
             
*** (job aborted, no legal \end found)

 
Here is how much of TeX's memory you used:
 21 strings out of 493769
 227 string characters out of 6151300
 68686 words of memory out of 5000000
 3614 multiletter control sequences out of 15000+600000
 6283 words of font info for 32 fonts, out of 8000000 for 9000
 929 hyphenation exceptions out of 8191
 23i,4n,22p,227b,100s stack positions out of 5000i,500n,10000p,200000b,80000s
Output written on Steam.dvi (1 page, 944 bytes).
